[2026-04-28T20:13:54.313+0000] {taskinstance.py:1956} INFO - Dependencies all met for dep_context=non-requeueable deps ti=<TaskInstance: regime_pipeline.train_models manual__2026-04-28T20:13:44.667070+00:00 [queued]>
[2026-04-28T20:13:54.318+0000] {taskinstance.py:1956} INFO - Dependencies all met for dep_context=requeueable deps ti=<TaskInstance: regime_pipeline.train_models manual__2026-04-28T20:13:44.667070+00:00 [queued]>
[2026-04-28T20:13:54.318+0000] {taskinstance.py:2170} INFO - Starting attempt 1 of 1
[2026-04-28T20:13:54.329+0000] {taskinstance.py:2191} INFO - Executing <Task(BashOperator): train_models> on 2026-04-28 20:13:44.667070+00:00
[2026-04-28T20:13:54.334+0000] {standard_task_runner.py:60} INFO - Started process 310 to run task
[2026-04-28T20:13:54.337+0000] {standard_task_runner.py:87} INFO - Running: ['airflow', 'tasks', 'run', 'regime_pipeline', 'train_models', 'manual__2026-04-28T20:13:44.667070+00:00', '--job-id', '4', '--raw', '--subdir', 'DAGS_FOLDER/regime_pipeline_dag.py', '--cfg-path', '/tmp/tmpq5grpr2t']
[2026-04-28T20:13:54.339+0000] {standard_task_runner.py:88} INFO - Job 4: Subtask train_models
[2026-04-28T20:13:54.382+0000] {task_command.py:423} INFO - Running <TaskInstance: regime_pipeline.train_models manual__2026-04-28T20:13:44.667070+00:00 [running]> on host dc2d7d9e0159
[2026-04-28T20:13:54.419+0000] {taskinstance.py:2480} INFO - Exporting env vars: AIRFLOW_CTX_DAG_OWNER='airflow' AIRFLOW_CTX_DAG_ID='regime_pipeline' AIRFLOW_CTX_TASK_ID='train_models' AIRFLOW_CTX_EXECUTION_DATE='2026-04-28T20:13:44.667070+00:00' AIRFLOW_CTX_TRY_NUMBER='1' AIRFLOW_CTX_DAG_RUN_ID='manual__2026-04-28T20:13:44.667070+00:00'
[2026-04-28T20:13:54.420+0000] {subprocess.py:63} INFO - Tmp dir root location: /tmp
[2026-04-28T20:13:54.421+0000] {subprocess.py:75} INFO - Running command: ['/usr/bin/bash', '-c', 'python src/train.py']
[2026-04-28T20:13:54.430+0000] {subprocess.py:86} INFO - Output:
[2026-04-28T20:13:54.446+0000] {subprocess.py:93} INFO - python: can't open file '/tmp/airflowtmpsf28dj3v/src/train.py': [Errno 2] No such file or directory
[2026-04-28T20:13:54.448+0000] {subprocess.py:97} INFO - Command exited with return code 2
[2026-04-28T20:13:54.454+0000] {taskinstance.py:2698} ERROR - Task failed with exception
Traceback (most recent call last):
  File "/home/airflow/.local/lib/python3.10/site-packages/airflow/models/taskinstance.py", line 433, in _execute_task
    result = execute_callable(context=context, **execute_callable_kwargs)
  File "/home/airflow/.local/lib/python3.10/site-packages/airflow/operators/bash.py", line 212, in execute
    raise AirflowException(
airflow.exceptions.AirflowException: Bash command failed. The command returned a non-zero exit code 2.
[2026-04-28T20:13:54.456+0000] {taskinstance.py:1138} INFO - Marking task as FAILED. dag_id=regime_pipeline, task_id=train_models, execution_date=20260428T201344, start_date=20260428T201354, end_date=20260428T201354
[2026-04-28T20:13:54.464+0000] {standard_task_runner.py:107} ERROR - Failed to execute job 4 for task train_models (Bash command failed. The command returned a non-zero exit code 2.; 310)
[2026-04-28T20:13:54.510+0000] {local_task_job_runner.py:234} INFO - Task exited with return code 1
[2026-04-28T20:13:54.518+0000] {taskinstance.py:3280} INFO - 0 downstream tasks scheduled from follow-on schedule check
