[2026-04-28T14:08:23.343+0000] {processor.py:161} INFO - Started process (PID=44) to work on /opt/airflow/dags/regime_pipeline_dag.py
[2026-04-28T14:08:23.344+0000] {processor.py:830} INFO - Processing file /opt/airflow/dags/regime_pipeline_dag.py for tasks to queue
[2026-04-28T14:08:23.345+0000] {logging_mixin.py:188} INFO - [2026-04-28T14:08:23.345+0000] {dagbag.py:538} INFO - Filling up the DagBag from /opt/airflow/dags/regime_pipeline_dag.py
[2026-04-28T14:08:23.383+0000] {processor.py:840} INFO - DAG(s) 'regime_pipeline' retrieved from /opt/airflow/dags/regime_pipeline_dag.py
[2026-04-28T14:08:23.603+0000] {logging_mixin.py:188} INFO - [2026-04-28T14:08:23.602+0000] {override.py:1769} INFO - Created Permission View: can read on DAG:regime_pipeline
[2026-04-28T14:08:23.617+0000] {logging_mixin.py:188} INFO - [2026-04-28T14:08:23.616+0000] {override.py:1769} INFO - Created Permission View: can edit on DAG:regime_pipeline
[2026-04-28T14:08:23.627+0000] {logging_mixin.py:188} INFO - [2026-04-28T14:08:23.627+0000] {override.py:1769} INFO - Created Permission View: can delete on DAG:regime_pipeline
[2026-04-28T14:08:23.628+0000] {logging_mixin.py:188} INFO - [2026-04-28T14:08:23.628+0000] {dag.py:3036} INFO - Sync 1 DAGs
[2026-04-28T14:08:23.636+0000] {logging_mixin.py:188} INFO - [2026-04-28T14:08:23.635+0000] {dag.py:3058} INFO - Creating ORM DAG for regime_pipeline
[2026-04-28T14:08:23.637+0000] {logging_mixin.py:188} INFO - [2026-04-28T14:08:23.636+0000] {dag.py:3823} INFO - Setting next_dagrun for regime_pipeline to None, run_after=None
[2026-04-28T14:08:23.654+0000] {processor.py:183} INFO - Processing /opt/airflow/dags/regime_pipeline_dag.py took 0.315 seconds
[2026-04-28T14:08:54.000+0000] {processor.py:161} INFO - Started process (PID=67) to work on /opt/airflow/dags/regime_pipeline_dag.py
[2026-04-28T14:08:54.002+0000] {processor.py:830} INFO - Processing file /opt/airflow/dags/regime_pipeline_dag.py for tasks to queue
[2026-04-28T14:08:54.003+0000] {logging_mixin.py:188} INFO - [2026-04-28T14:08:54.003+0000] {dagbag.py:538} INFO - Filling up the DagBag from /opt/airflow/dags/regime_pipeline_dag.py
[2026-04-28T14:08:54.022+0000] {processor.py:840} INFO - DAG(s) 'regime_pipeline' retrieved from /opt/airflow/dags/regime_pipeline_dag.py
[2026-04-28T14:08:54.042+0000] {logging_mixin.py:188} INFO - [2026-04-28T14:08:54.041+0000] {dag.py:3036} INFO - Sync 1 DAGs
[2026-04-28T14:08:54.051+0000] {logging_mixin.py:188} INFO - [2026-04-28T14:08:54.051+0000] {dag.py:3823} INFO - Setting next_dagrun for regime_pipeline to None, run_after=None
[2026-04-28T14:08:54.067+0000] {processor.py:183} INFO - Processing /opt/airflow/dags/regime_pipeline_dag.py took 0.070 seconds
[2026-04-28T14:09:24.857+0000] {processor.py:161} INFO - Started process (PID=68) to work on /opt/airflow/dags/regime_pipeline_dag.py
[2026-04-28T14:09:24.859+0000] {processor.py:830} INFO - Processing file /opt/airflow/dags/regime_pipeline_dag.py for tasks to queue
[2026-04-28T14:09:24.860+0000] {logging_mixin.py:188} INFO - [2026-04-28T14:09:24.859+0000] {dagbag.py:538} INFO - Filling up the DagBag from /opt/airflow/dags/regime_pipeline_dag.py
[2026-04-28T14:09:24.882+0000] {processor.py:840} INFO - DAG(s) 'regime_pipeline' retrieved from /opt/airflow/dags/regime_pipeline_dag.py
[2026-04-28T14:09:24.901+0000] {logging_mixin.py:188} INFO - [2026-04-28T14:09:24.901+0000] {dag.py:3036} INFO - Sync 1 DAGs
[2026-04-28T14:09:24.910+0000] {logging_mixin.py:188} INFO - [2026-04-28T14:09:24.910+0000] {dag.py:3823} INFO - Setting next_dagrun for regime_pipeline to None, run_after=None
[2026-04-28T14:09:24.930+0000] {processor.py:183} INFO - Processing /opt/airflow/dags/regime_pipeline_dag.py took 0.077 seconds
[2026-04-28T14:09:55.031+0000] {processor.py:161} INFO - Started process (PID=69) to work on /opt/airflow/dags/regime_pipeline_dag.py
[2026-04-28T14:09:55.032+0000] {processor.py:830} INFO - Processing file /opt/airflow/dags/regime_pipeline_dag.py for tasks to queue
[2026-04-28T14:09:55.033+0000] {logging_mixin.py:188} INFO - [2026-04-28T14:09:55.033+0000] {dagbag.py:538} INFO - Filling up the DagBag from /opt/airflow/dags/regime_pipeline_dag.py
[2026-04-28T14:09:55.071+0000] {processor.py:840} INFO - DAG(s) 'regime_pipeline' retrieved from /opt/airflow/dags/regime_pipeline_dag.py
[2026-04-28T14:09:55.096+0000] {logging_mixin.py:188} INFO - [2026-04-28T14:09:55.096+0000] {dag.py:3036} INFO - Sync 1 DAGs
[2026-04-28T14:09:55.106+0000] {logging_mixin.py:188} INFO - [2026-04-28T14:09:55.106+0000] {dag.py:3823} INFO - Setting next_dagrun for regime_pipeline to None, run_after=None
[2026-04-28T14:09:55.124+0000] {processor.py:183} INFO - Processing /opt/airflow/dags/regime_pipeline_dag.py took 0.096 seconds
[2026-04-28T14:10:26.221+0000] {processor.py:161} INFO - Started process (PID=70) to work on /opt/airflow/dags/regime_pipeline_dag.py
[2026-04-28T14:10:26.222+0000] {processor.py:830} INFO - Processing file /opt/airflow/dags/regime_pipeline_dag.py for tasks to queue
[2026-04-28T14:10:26.224+0000] {logging_mixin.py:188} INFO - [2026-04-28T14:10:26.223+0000] {dagbag.py:538} INFO - Filling up the DagBag from /opt/airflow/dags/regime_pipeline_dag.py
[2026-04-28T14:10:26.251+0000] {processor.py:840} INFO - DAG(s) 'regime_pipeline' retrieved from /opt/airflow/dags/regime_pipeline_dag.py
[2026-04-28T14:10:26.269+0000] {logging_mixin.py:188} INFO - [2026-04-28T14:10:26.269+0000] {dag.py:3036} INFO - Sync 1 DAGs
[2026-04-28T14:10:26.279+0000] {logging_mixin.py:188} INFO - [2026-04-28T14:10:26.278+0000] {dag.py:3823} INFO - Setting next_dagrun for regime_pipeline to None, run_after=None
[2026-04-28T14:10:26.298+0000] {processor.py:183} INFO - Processing /opt/airflow/dags/regime_pipeline_dag.py took 0.081 seconds
[2026-04-28T14:10:56.343+0000] {processor.py:161} INFO - Started process (PID=71) to work on /opt/airflow/dags/regime_pipeline_dag.py
[2026-04-28T14:10:56.344+0000] {processor.py:830} INFO - Processing file /opt/airflow/dags/regime_pipeline_dag.py for tasks to queue
[2026-04-28T14:10:56.345+0000] {logging_mixin.py:188} INFO - [2026-04-28T14:10:56.345+0000] {dagbag.py:538} INFO - Filling up the DagBag from /opt/airflow/dags/regime_pipeline_dag.py
[2026-04-28T14:10:56.364+0000] {processor.py:840} INFO - DAG(s) 'regime_pipeline' retrieved from /opt/airflow/dags/regime_pipeline_dag.py
[2026-04-28T14:10:56.383+0000] {logging_mixin.py:188} INFO - [2026-04-28T14:10:56.383+0000] {dag.py:3036} INFO - Sync 1 DAGs
[2026-04-28T14:10:56.391+0000] {logging_mixin.py:188} INFO - [2026-04-28T14:10:56.391+0000] {dag.py:3823} INFO - Setting next_dagrun for regime_pipeline to None, run_after=None
[2026-04-28T14:10:56.422+0000] {processor.py:183} INFO - Processing /opt/airflow/dags/regime_pipeline_dag.py took 0.082 seconds
[2026-04-28T14:11:27.472+0000] {processor.py:161} INFO - Started process (PID=72) to work on /opt/airflow/dags/regime_pipeline_dag.py
[2026-04-28T14:11:27.473+0000] {processor.py:830} INFO - Processing file /opt/airflow/dags/regime_pipeline_dag.py for tasks to queue
[2026-04-28T14:11:27.474+0000] {logging_mixin.py:188} INFO - [2026-04-28T14:11:27.473+0000] {dagbag.py:538} INFO - Filling up the DagBag from /opt/airflow/dags/regime_pipeline_dag.py
[2026-04-28T14:11:27.492+0000] {processor.py:840} INFO - DAG(s) 'regime_pipeline' retrieved from /opt/airflow/dags/regime_pipeline_dag.py
[2026-04-28T14:11:27.510+0000] {logging_mixin.py:188} INFO - [2026-04-28T14:11:27.510+0000] {dag.py:3036} INFO - Sync 1 DAGs
[2026-04-28T14:11:27.518+0000] {logging_mixin.py:188} INFO - [2026-04-28T14:11:27.517+0000] {dag.py:3823} INFO - Setting next_dagrun for regime_pipeline to None, run_after=None
[2026-04-28T14:11:27.533+0000] {processor.py:183} INFO - Processing /opt/airflow/dags/regime_pipeline_dag.py took 0.064 seconds
[2026-04-28T14:11:57.685+0000] {processor.py:161} INFO - Started process (PID=73) to work on /opt/airflow/dags/regime_pipeline_dag.py
[2026-04-28T14:11:57.686+0000] {processor.py:830} INFO - Processing file /opt/airflow/dags/regime_pipeline_dag.py for tasks to queue
[2026-04-28T14:11:57.687+0000] {logging_mixin.py:188} INFO - [2026-04-28T14:11:57.687+0000] {dagbag.py:538} INFO - Filling up the DagBag from /opt/airflow/dags/regime_pipeline_dag.py
[2026-04-28T14:11:57.707+0000] {processor.py:840} INFO - DAG(s) 'regime_pipeline' retrieved from /opt/airflow/dags/regime_pipeline_dag.py
[2026-04-28T14:11:57.727+0000] {logging_mixin.py:188} INFO - [2026-04-28T14:11:57.727+0000] {dag.py:3036} INFO - Sync 1 DAGs
[2026-04-28T14:11:57.736+0000] {logging_mixin.py:188} INFO - [2026-04-28T14:11:57.736+0000] {dag.py:3823} INFO - Setting next_dagrun for regime_pipeline to None, run_after=None
[2026-04-28T14:11:57.766+0000] {processor.py:183} INFO - Processing /opt/airflow/dags/regime_pipeline_dag.py took 0.085 seconds
[2026-04-28T14:12:27.883+0000] {processor.py:161} INFO - Started process (PID=74) to work on /opt/airflow/dags/regime_pipeline_dag.py
[2026-04-28T14:12:27.884+0000] {processor.py:830} INFO - Processing file /opt/airflow/dags/regime_pipeline_dag.py for tasks to queue
[2026-04-28T14:12:27.885+0000] {logging_mixin.py:188} INFO - [2026-04-28T14:12:27.885+0000] {dagbag.py:538} INFO - Filling up the DagBag from /opt/airflow/dags/regime_pipeline_dag.py
[2026-04-28T14:12:27.906+0000] {processor.py:840} INFO - DAG(s) 'regime_pipeline' retrieved from /opt/airflow/dags/regime_pipeline_dag.py
[2026-04-28T14:12:27.924+0000] {logging_mixin.py:188} INFO - [2026-04-28T14:12:27.924+0000] {dag.py:3036} INFO - Sync 1 DAGs
[2026-04-28T14:12:27.933+0000] {logging_mixin.py:188} INFO - [2026-04-28T14:12:27.933+0000] {dag.py:3823} INFO - Setting next_dagrun for regime_pipeline to None, run_after=None
[2026-04-28T14:12:27.950+0000] {processor.py:183} INFO - Processing /opt/airflow/dags/regime_pipeline_dag.py took 0.069 seconds
[2026-04-28T14:12:58.284+0000] {processor.py:161} INFO - Started process (PID=75) to work on /opt/airflow/dags/regime_pipeline_dag.py
[2026-04-28T14:12:58.285+0000] {processor.py:830} INFO - Processing file /opt/airflow/dags/regime_pipeline_dag.py for tasks to queue
[2026-04-28T14:12:58.286+0000] {logging_mixin.py:188} INFO - [2026-04-28T14:12:58.285+0000] {dagbag.py:538} INFO - Filling up the DagBag from /opt/airflow/dags/regime_pipeline_dag.py
[2026-04-28T14:12:58.303+0000] {processor.py:840} INFO - DAG(s) 'regime_pipeline' retrieved from /opt/airflow/dags/regime_pipeline_dag.py
[2026-04-28T14:12:58.323+0000] {logging_mixin.py:188} INFO - [2026-04-28T14:12:58.323+0000] {dag.py:3036} INFO - Sync 1 DAGs
[2026-04-28T14:12:58.331+0000] {logging_mixin.py:188} INFO - [2026-04-28T14:12:58.331+0000] {dag.py:3823} INFO - Setting next_dagrun for regime_pipeline to None, run_after=None
[2026-04-28T14:12:58.348+0000] {processor.py:183} INFO - Processing /opt/airflow/dags/regime_pipeline_dag.py took 0.067 seconds
[2026-04-28T14:13:28.491+0000] {processor.py:161} INFO - Started process (PID=76) to work on /opt/airflow/dags/regime_pipeline_dag.py
[2026-04-28T14:13:28.492+0000] {processor.py:830} INFO - Processing file /opt/airflow/dags/regime_pipeline_dag.py for tasks to queue
[2026-04-28T14:13:28.494+0000] {logging_mixin.py:188} INFO - [2026-04-28T14:13:28.493+0000] {dagbag.py:538} INFO - Filling up the DagBag from /opt/airflow/dags/regime_pipeline_dag.py
[2026-04-28T14:13:28.513+0000] {processor.py:840} INFO - DAG(s) 'regime_pipeline' retrieved from /opt/airflow/dags/regime_pipeline_dag.py
[2026-04-28T14:13:28.530+0000] {logging_mixin.py:188} INFO - [2026-04-28T14:13:28.530+0000] {dag.py:3036} INFO - Sync 1 DAGs
[2026-04-28T14:13:28.538+0000] {logging_mixin.py:188} INFO - [2026-04-28T14:13:28.538+0000] {dag.py:3823} INFO - Setting next_dagrun for regime_pipeline to None, run_after=None
[2026-04-28T14:13:28.555+0000] {processor.py:183} INFO - Processing /opt/airflow/dags/regime_pipeline_dag.py took 0.068 seconds
[2026-04-28T14:13:58.908+0000] {processor.py:161} INFO - Started process (PID=77) to work on /opt/airflow/dags/regime_pipeline_dag.py
[2026-04-28T14:13:58.909+0000] {processor.py:830} INFO - Processing file /opt/airflow/dags/regime_pipeline_dag.py for tasks to queue
[2026-04-28T14:13:58.910+0000] {logging_mixin.py:188} INFO - [2026-04-28T14:13:58.909+0000] {dagbag.py:538} INFO - Filling up the DagBag from /opt/airflow/dags/regime_pipeline_dag.py
[2026-04-28T14:13:58.929+0000] {processor.py:840} INFO - DAG(s) 'regime_pipeline' retrieved from /opt/airflow/dags/regime_pipeline_dag.py
[2026-04-28T14:13:58.948+0000] {logging_mixin.py:188} INFO - [2026-04-28T14:13:58.948+0000] {dag.py:3036} INFO - Sync 1 DAGs
[2026-04-28T14:13:58.957+0000] {logging_mixin.py:188} INFO - [2026-04-28T14:13:58.957+0000] {dag.py:3823} INFO - Setting next_dagrun for regime_pipeline to None, run_after=None
[2026-04-28T14:13:58.989+0000] {processor.py:183} INFO - Processing /opt/airflow/dags/regime_pipeline_dag.py took 0.084 seconds
[2026-04-28T14:14:29.063+0000] {processor.py:161} INFO - Started process (PID=78) to work on /opt/airflow/dags/regime_pipeline_dag.py
[2026-04-28T14:14:29.064+0000] {processor.py:830} INFO - Processing file /opt/airflow/dags/regime_pipeline_dag.py for tasks to queue
[2026-04-28T14:14:29.065+0000] {logging_mixin.py:188} INFO - [2026-04-28T14:14:29.064+0000] {dagbag.py:538} INFO - Filling up the DagBag from /opt/airflow/dags/regime_pipeline_dag.py
[2026-04-28T14:14:29.086+0000] {processor.py:840} INFO - DAG(s) 'regime_pipeline' retrieved from /opt/airflow/dags/regime_pipeline_dag.py
[2026-04-28T14:14:29.105+0000] {logging_mixin.py:188} INFO - [2026-04-28T14:14:29.105+0000] {dag.py:3036} INFO - Sync 1 DAGs
[2026-04-28T14:14:29.115+0000] {logging_mixin.py:188} INFO - [2026-04-28T14:14:29.115+0000] {dag.py:3823} INFO - Setting next_dagrun for regime_pipeline to None, run_after=None
[2026-04-28T14:14:29.146+0000] {processor.py:183} INFO - Processing /opt/airflow/dags/regime_pipeline_dag.py took 0.086 seconds
[2026-04-28T14:14:59.187+0000] {processor.py:161} INFO - Started process (PID=79) to work on /opt/airflow/dags/regime_pipeline_dag.py
[2026-04-28T14:14:59.189+0000] {processor.py:830} INFO - Processing file /opt/airflow/dags/regime_pipeline_dag.py for tasks to queue
[2026-04-28T14:14:59.190+0000] {logging_mixin.py:188} INFO - [2026-04-28T14:14:59.189+0000] {dagbag.py:538} INFO - Filling up the DagBag from /opt/airflow/dags/regime_pipeline_dag.py
[2026-04-28T14:14:59.209+0000] {processor.py:840} INFO - DAG(s) 'regime_pipeline' retrieved from /opt/airflow/dags/regime_pipeline_dag.py
[2026-04-28T14:14:59.229+0000] {logging_mixin.py:188} INFO - [2026-04-28T14:14:59.229+0000] {dag.py:3036} INFO - Sync 1 DAGs
[2026-04-28T14:14:59.239+0000] {logging_mixin.py:188} INFO - [2026-04-28T14:14:59.238+0000] {dag.py:3823} INFO - Setting next_dagrun for regime_pipeline to None, run_after=None
[2026-04-28T14:14:59.255+0000] {processor.py:183} INFO - Processing /opt/airflow/dags/regime_pipeline_dag.py took 0.071 seconds
[2026-04-28T14:15:29.414+0000] {processor.py:161} INFO - Started process (PID=80) to work on /opt/airflow/dags/regime_pipeline_dag.py
[2026-04-28T14:15:29.416+0000] {processor.py:830} INFO - Processing file /opt/airflow/dags/regime_pipeline_dag.py for tasks to queue
[2026-04-28T14:15:29.416+0000] {logging_mixin.py:188} INFO - [2026-04-28T14:15:29.416+0000] {dagbag.py:538} INFO - Filling up the DagBag from /opt/airflow/dags/regime_pipeline_dag.py
[2026-04-28T14:15:29.434+0000] {processor.py:840} INFO - DAG(s) 'regime_pipeline' retrieved from /opt/airflow/dags/regime_pipeline_dag.py
[2026-04-28T14:15:29.452+0000] {logging_mixin.py:188} INFO - [2026-04-28T14:15:29.452+0000] {dag.py:3036} INFO - Sync 1 DAGs
[2026-04-28T14:15:29.460+0000] {logging_mixin.py:188} INFO - [2026-04-28T14:15:29.460+0000] {dag.py:3823} INFO - Setting next_dagrun for regime_pipeline to None, run_after=None
[2026-04-28T14:15:29.491+0000] {processor.py:183} INFO - Processing /opt/airflow/dags/regime_pipeline_dag.py took 0.081 seconds
[2026-04-28T14:16:00.014+0000] {processor.py:161} INFO - Started process (PID=81) to work on /opt/airflow/dags/regime_pipeline_dag.py
[2026-04-28T14:16:00.015+0000] {processor.py:830} INFO - Processing file /opt/airflow/dags/regime_pipeline_dag.py for tasks to queue
[2026-04-28T14:16:00.016+0000] {logging_mixin.py:188} INFO - [2026-04-28T14:16:00.016+0000] {dagbag.py:538} INFO - Filling up the DagBag from /opt/airflow/dags/regime_pipeline_dag.py
[2026-04-28T14:16:00.033+0000] {processor.py:840} INFO - DAG(s) 'regime_pipeline' retrieved from /opt/airflow/dags/regime_pipeline_dag.py
[2026-04-28T14:16:00.053+0000] {logging_mixin.py:188} INFO - [2026-04-28T14:16:00.053+0000] {dag.py:3036} INFO - Sync 1 DAGs
[2026-04-28T14:16:00.061+0000] {logging_mixin.py:188} INFO - [2026-04-28T14:16:00.061+0000] {dag.py:3823} INFO - Setting next_dagrun for regime_pipeline to None, run_after=None
[2026-04-28T14:16:00.075+0000] {processor.py:183} INFO - Processing /opt/airflow/dags/regime_pipeline_dag.py took 0.063 seconds
[2026-04-28T14:16:30.190+0000] {processor.py:161} INFO - Started process (PID=82) to work on /opt/airflow/dags/regime_pipeline_dag.py
[2026-04-28T14:16:30.192+0000] {processor.py:830} INFO - Processing file /opt/airflow/dags/regime_pipeline_dag.py for tasks to queue
[2026-04-28T14:16:30.193+0000] {logging_mixin.py:188} INFO - [2026-04-28T14:16:30.193+0000] {dagbag.py:538} INFO - Filling up the DagBag from /opt/airflow/dags/regime_pipeline_dag.py
[2026-04-28T14:16:30.211+0000] {processor.py:840} INFO - DAG(s) 'regime_pipeline' retrieved from /opt/airflow/dags/regime_pipeline_dag.py
[2026-04-28T14:16:30.230+0000] {logging_mixin.py:188} INFO - [2026-04-28T14:16:30.230+0000] {dag.py:3036} INFO - Sync 1 DAGs
[2026-04-28T14:16:30.238+0000] {logging_mixin.py:188} INFO - [2026-04-28T14:16:30.238+0000] {dag.py:3823} INFO - Setting next_dagrun for regime_pipeline to None, run_after=None
[2026-04-28T14:16:30.269+0000] {processor.py:183} INFO - Processing /opt/airflow/dags/regime_pipeline_dag.py took 0.082 seconds
[2026-04-28T14:17:00.405+0000] {processor.py:161} INFO - Started process (PID=83) to work on /opt/airflow/dags/regime_pipeline_dag.py
[2026-04-28T14:17:00.406+0000] {processor.py:830} INFO - Processing file /opt/airflow/dags/regime_pipeline_dag.py for tasks to queue
[2026-04-28T14:17:00.407+0000] {logging_mixin.py:188} INFO - [2026-04-28T14:17:00.407+0000] {dagbag.py:538} INFO - Filling up the DagBag from /opt/airflow/dags/regime_pipeline_dag.py
[2026-04-28T14:17:00.424+0000] {processor.py:840} INFO - DAG(s) 'regime_pipeline' retrieved from /opt/airflow/dags/regime_pipeline_dag.py
[2026-04-28T14:17:00.444+0000] {logging_mixin.py:188} INFO - [2026-04-28T14:17:00.444+0000] {dag.py:3036} INFO - Sync 1 DAGs
[2026-04-28T14:17:00.453+0000] {logging_mixin.py:188} INFO - [2026-04-28T14:17:00.452+0000] {dag.py:3823} INFO - Setting next_dagrun for regime_pipeline to None, run_after=None
[2026-04-28T14:17:00.468+0000] {processor.py:183} INFO - Processing /opt/airflow/dags/regime_pipeline_dag.py took 0.067 seconds
[2026-04-28T14:17:30.729+0000] {processor.py:161} INFO - Started process (PID=84) to work on /opt/airflow/dags/regime_pipeline_dag.py
[2026-04-28T14:17:30.731+0000] {processor.py:830} INFO - Processing file /opt/airflow/dags/regime_pipeline_dag.py for tasks to queue
[2026-04-28T14:17:30.732+0000] {logging_mixin.py:188} INFO - [2026-04-28T14:17:30.732+0000] {dagbag.py:538} INFO - Filling up the DagBag from /opt/airflow/dags/regime_pipeline_dag.py
[2026-04-28T14:17:30.753+0000] {processor.py:840} INFO - DAG(s) 'regime_pipeline' retrieved from /opt/airflow/dags/regime_pipeline_dag.py
[2026-04-28T14:17:30.775+0000] {logging_mixin.py:188} INFO - [2026-04-28T14:17:30.775+0000] {dag.py:3036} INFO - Sync 1 DAGs
[2026-04-28T14:17:30.784+0000] {logging_mixin.py:188} INFO - [2026-04-28T14:17:30.783+0000] {dag.py:3823} INFO - Setting next_dagrun for regime_pipeline to None, run_after=None
[2026-04-28T14:17:30.801+0000] {processor.py:183} INFO - Processing /opt/airflow/dags/regime_pipeline_dag.py took 0.076 seconds
[2026-04-28T14:18:01.175+0000] {processor.py:161} INFO - Started process (PID=85) to work on /opt/airflow/dags/regime_pipeline_dag.py
[2026-04-28T14:18:01.176+0000] {processor.py:830} INFO - Processing file /opt/airflow/dags/regime_pipeline_dag.py for tasks to queue
[2026-04-28T14:18:01.177+0000] {logging_mixin.py:188} INFO - [2026-04-28T14:18:01.177+0000] {dagbag.py:538} INFO - Filling up the DagBag from /opt/airflow/dags/regime_pipeline_dag.py
[2026-04-28T14:18:01.197+0000] {processor.py:840} INFO - DAG(s) 'regime_pipeline' retrieved from /opt/airflow/dags/regime_pipeline_dag.py
[2026-04-28T14:18:01.216+0000] {logging_mixin.py:188} INFO - [2026-04-28T14:18:01.216+0000] {dag.py:3036} INFO - Sync 1 DAGs
[2026-04-28T14:18:01.226+0000] {logging_mixin.py:188} INFO - [2026-04-28T14:18:01.226+0000] {dag.py:3823} INFO - Setting next_dagrun for regime_pipeline to None, run_after=None
[2026-04-28T14:18:01.255+0000] {processor.py:183} INFO - Processing /opt/airflow/dags/regime_pipeline_dag.py took 0.083 seconds
[2026-04-28T14:18:31.301+0000] {processor.py:161} INFO - Started process (PID=86) to work on /opt/airflow/dags/regime_pipeline_dag.py
[2026-04-28T14:18:31.302+0000] {processor.py:830} INFO - Processing file /opt/airflow/dags/regime_pipeline_dag.py for tasks to queue
[2026-04-28T14:18:31.304+0000] {logging_mixin.py:188} INFO - [2026-04-28T14:18:31.303+0000] {dagbag.py:538} INFO - Filling up the DagBag from /opt/airflow/dags/regime_pipeline_dag.py
[2026-04-28T14:18:31.323+0000] {processor.py:840} INFO - DAG(s) 'regime_pipeline' retrieved from /opt/airflow/dags/regime_pipeline_dag.py
[2026-04-28T14:18:31.342+0000] {logging_mixin.py:188} INFO - [2026-04-28T14:18:31.341+0000] {dag.py:3036} INFO - Sync 1 DAGs
[2026-04-28T14:18:31.352+0000] {logging_mixin.py:188} INFO - [2026-04-28T14:18:31.351+0000] {dag.py:3823} INFO - Setting next_dagrun for regime_pipeline to None, run_after=None
[2026-04-28T14:18:31.383+0000] {processor.py:183} INFO - Processing /opt/airflow/dags/regime_pipeline_dag.py took 0.084 seconds
[2026-04-28T14:19:02.063+0000] {processor.py:161} INFO - Started process (PID=87) to work on /opt/airflow/dags/regime_pipeline_dag.py
[2026-04-28T14:19:02.064+0000] {processor.py:830} INFO - Processing file /opt/airflow/dags/regime_pipeline_dag.py for tasks to queue
[2026-04-28T14:19:02.065+0000] {logging_mixin.py:188} INFO - [2026-04-28T14:19:02.064+0000] {dagbag.py:538} INFO - Filling up the DagBag from /opt/airflow/dags/regime_pipeline_dag.py
[2026-04-28T14:19:02.100+0000] {processor.py:840} INFO - DAG(s) 'regime_pipeline' retrieved from /opt/airflow/dags/regime_pipeline_dag.py
[2026-04-28T14:19:02.124+0000] {logging_mixin.py:188} INFO - [2026-04-28T14:19:02.124+0000] {dag.py:3036} INFO - Sync 1 DAGs
[2026-04-28T14:19:02.132+0000] {logging_mixin.py:188} INFO - [2026-04-28T14:19:02.132+0000] {dag.py:3823} INFO - Setting next_dagrun for regime_pipeline to None, run_after=None
[2026-04-28T14:19:02.151+0000] {processor.py:183} INFO - Processing /opt/airflow/dags/regime_pipeline_dag.py took 0.091 seconds
[2026-04-28T14:19:32.525+0000] {processor.py:161} INFO - Started process (PID=88) to work on /opt/airflow/dags/regime_pipeline_dag.py
[2026-04-28T14:19:32.526+0000] {processor.py:830} INFO - Processing file /opt/airflow/dags/regime_pipeline_dag.py for tasks to queue
[2026-04-28T14:19:32.527+0000] {logging_mixin.py:188} INFO - [2026-04-28T14:19:32.526+0000] {dagbag.py:538} INFO - Filling up the DagBag from /opt/airflow/dags/regime_pipeline_dag.py
[2026-04-28T14:19:32.545+0000] {processor.py:840} INFO - DAG(s) 'regime_pipeline' retrieved from /opt/airflow/dags/regime_pipeline_dag.py
[2026-04-28T14:19:32.564+0000] {logging_mixin.py:188} INFO - [2026-04-28T14:19:32.563+0000] {dag.py:3036} INFO - Sync 1 DAGs
[2026-04-28T14:19:32.572+0000] {logging_mixin.py:188} INFO - [2026-04-28T14:19:32.571+0000] {dag.py:3823} INFO - Setting next_dagrun for regime_pipeline to None, run_after=None
[2026-04-28T14:19:32.589+0000] {processor.py:183} INFO - Processing /opt/airflow/dags/regime_pipeline_dag.py took 0.067 seconds
[2026-04-28T14:20:02.819+0000] {processor.py:161} INFO - Started process (PID=89) to work on /opt/airflow/dags/regime_pipeline_dag.py
[2026-04-28T14:20:02.820+0000] {processor.py:830} INFO - Processing file /opt/airflow/dags/regime_pipeline_dag.py for tasks to queue
[2026-04-28T14:20:02.821+0000] {logging_mixin.py:188} INFO - [2026-04-28T14:20:02.821+0000] {dagbag.py:538} INFO - Filling up the DagBag from /opt/airflow/dags/regime_pipeline_dag.py
[2026-04-28T14:20:02.839+0000] {processor.py:840} INFO - DAG(s) 'regime_pipeline' retrieved from /opt/airflow/dags/regime_pipeline_dag.py
[2026-04-28T14:20:02.858+0000] {logging_mixin.py:188} INFO - [2026-04-28T14:20:02.858+0000] {dag.py:3036} INFO - Sync 1 DAGs
[2026-04-28T14:20:02.866+0000] {logging_mixin.py:188} INFO - [2026-04-28T14:20:02.866+0000] {dag.py:3823} INFO - Setting next_dagrun for regime_pipeline to None, run_after=None
[2026-04-28T14:20:02.884+0000] {processor.py:183} INFO - Processing /opt/airflow/dags/regime_pipeline_dag.py took 0.067 seconds
[2026-04-28T14:20:33.026+0000] {processor.py:161} INFO - Started process (PID=90) to work on /opt/airflow/dags/regime_pipeline_dag.py
[2026-04-28T14:20:33.027+0000] {processor.py:830} INFO - Processing file /opt/airflow/dags/regime_pipeline_dag.py for tasks to queue
[2026-04-28T14:20:33.028+0000] {logging_mixin.py:188} INFO - [2026-04-28T14:20:33.028+0000] {dagbag.py:538} INFO - Filling up the DagBag from /opt/airflow/dags/regime_pipeline_dag.py
[2026-04-28T14:20:33.047+0000] {processor.py:840} INFO - DAG(s) 'regime_pipeline' retrieved from /opt/airflow/dags/regime_pipeline_dag.py
[2026-04-28T14:20:33.066+0000] {logging_mixin.py:188} INFO - [2026-04-28T14:20:33.065+0000] {dag.py:3036} INFO - Sync 1 DAGs
[2026-04-28T14:20:33.074+0000] {logging_mixin.py:188} INFO - [2026-04-28T14:20:33.074+0000] {dag.py:3823} INFO - Setting next_dagrun for regime_pipeline to None, run_after=None
[2026-04-28T14:20:33.091+0000] {processor.py:183} INFO - Processing /opt/airflow/dags/regime_pipeline_dag.py took 0.068 seconds
[2026-04-28T14:21:03.253+0000] {processor.py:161} INFO - Started process (PID=91) to work on /opt/airflow/dags/regime_pipeline_dag.py
[2026-04-28T14:21:03.254+0000] {processor.py:830} INFO - Processing file /opt/airflow/dags/regime_pipeline_dag.py for tasks to queue
[2026-04-28T14:21:03.255+0000] {logging_mixin.py:188} INFO - [2026-04-28T14:21:03.254+0000] {dagbag.py:538} INFO - Filling up the DagBag from /opt/airflow/dags/regime_pipeline_dag.py
[2026-04-28T14:21:03.274+0000] {processor.py:840} INFO - DAG(s) 'regime_pipeline' retrieved from /opt/airflow/dags/regime_pipeline_dag.py
[2026-04-28T14:21:03.293+0000] {logging_mixin.py:188} INFO - [2026-04-28T14:21:03.293+0000] {dag.py:3036} INFO - Sync 1 DAGs
[2026-04-28T14:21:03.301+0000] {logging_mixin.py:188} INFO - [2026-04-28T14:21:03.301+0000] {dag.py:3823} INFO - Setting next_dagrun for regime_pipeline to None, run_after=None
[2026-04-28T14:21:03.318+0000] {processor.py:183} INFO - Processing /opt/airflow/dags/regime_pipeline_dag.py took 0.069 seconds
[2026-04-28T14:21:34.130+0000] {processor.py:161} INFO - Started process (PID=92) to work on /opt/airflow/dags/regime_pipeline_dag.py
[2026-04-28T14:21:34.131+0000] {processor.py:830} INFO - Processing file /opt/airflow/dags/regime_pipeline_dag.py for tasks to queue
[2026-04-28T14:21:34.132+0000] {logging_mixin.py:188} INFO - [2026-04-28T14:21:34.132+0000] {dagbag.py:538} INFO - Filling up the DagBag from /opt/airflow/dags/regime_pipeline_dag.py
[2026-04-28T14:21:34.152+0000] {processor.py:840} INFO - DAG(s) 'regime_pipeline' retrieved from /opt/airflow/dags/regime_pipeline_dag.py
[2026-04-28T14:21:34.172+0000] {logging_mixin.py:188} INFO - [2026-04-28T14:21:34.172+0000] {dag.py:3036} INFO - Sync 1 DAGs
[2026-04-28T14:21:34.182+0000] {logging_mixin.py:188} INFO - [2026-04-28T14:21:34.182+0000] {dag.py:3823} INFO - Setting next_dagrun for regime_pipeline to None, run_after=None
[2026-04-28T14:21:34.200+0000] {processor.py:183} INFO - Processing /opt/airflow/dags/regime_pipeline_dag.py took 0.074 seconds
[2026-04-28T14:22:04.539+0000] {processor.py:161} INFO - Started process (PID=93) to work on /opt/airflow/dags/regime_pipeline_dag.py
[2026-04-28T14:22:04.541+0000] {processor.py:830} INFO - Processing file /opt/airflow/dags/regime_pipeline_dag.py for tasks to queue
[2026-04-28T14:22:04.542+0000] {logging_mixin.py:188} INFO - [2026-04-28T14:22:04.542+0000] {dagbag.py:538} INFO - Filling up the DagBag from /opt/airflow/dags/regime_pipeline_dag.py
[2026-04-28T14:22:04.562+0000] {processor.py:840} INFO - DAG(s) 'regime_pipeline' retrieved from /opt/airflow/dags/regime_pipeline_dag.py
[2026-04-28T14:22:04.584+0000] {logging_mixin.py:188} INFO - [2026-04-28T14:22:04.584+0000] {dag.py:3036} INFO - Sync 1 DAGs
[2026-04-28T14:22:04.594+0000] {logging_mixin.py:188} INFO - [2026-04-28T14:22:04.593+0000] {dag.py:3823} INFO - Setting next_dagrun for regime_pipeline to None, run_after=None
[2026-04-28T14:22:04.613+0000] {processor.py:183} INFO - Processing /opt/airflow/dags/regime_pipeline_dag.py took 0.076 seconds
[2026-04-28T14:22:34.881+0000] {processor.py:161} INFO - Started process (PID=94) to work on /opt/airflow/dags/regime_pipeline_dag.py
[2026-04-28T14:22:34.882+0000] {processor.py:830} INFO - Processing file /opt/airflow/dags/regime_pipeline_dag.py for tasks to queue
[2026-04-28T14:22:34.884+0000] {logging_mixin.py:188} INFO - [2026-04-28T14:22:34.883+0000] {dagbag.py:538} INFO - Filling up the DagBag from /opt/airflow/dags/regime_pipeline_dag.py
[2026-04-28T14:22:34.904+0000] {processor.py:840} INFO - DAG(s) 'regime_pipeline' retrieved from /opt/airflow/dags/regime_pipeline_dag.py
[2026-04-28T14:22:34.924+0000] {logging_mixin.py:188} INFO - [2026-04-28T14:22:34.923+0000] {dag.py:3036} INFO - Sync 1 DAGs
[2026-04-28T14:22:34.932+0000] {logging_mixin.py:188} INFO - [2026-04-28T14:22:34.932+0000] {dag.py:3823} INFO - Setting next_dagrun for regime_pipeline to None, run_after=None
[2026-04-28T14:22:34.949+0000] {processor.py:183} INFO - Processing /opt/airflow/dags/regime_pipeline_dag.py took 0.071 seconds
[2026-04-28T14:23:05.455+0000] {processor.py:161} INFO - Started process (PID=95) to work on /opt/airflow/dags/regime_pipeline_dag.py
[2026-04-28T14:23:05.457+0000] {processor.py:830} INFO - Processing file /opt/airflow/dags/regime_pipeline_dag.py for tasks to queue
[2026-04-28T14:23:05.458+0000] {logging_mixin.py:188} INFO - [2026-04-28T14:23:05.457+0000] {dagbag.py:538} INFO - Filling up the DagBag from /opt/airflow/dags/regime_pipeline_dag.py
[2026-04-28T14:23:05.477+0000] {processor.py:840} INFO - DAG(s) 'regime_pipeline' retrieved from /opt/airflow/dags/regime_pipeline_dag.py
[2026-04-28T14:23:05.498+0000] {logging_mixin.py:188} INFO - [2026-04-28T14:23:05.498+0000] {dag.py:3036} INFO - Sync 1 DAGs
[2026-04-28T14:23:05.507+0000] {logging_mixin.py:188} INFO - [2026-04-28T14:23:05.506+0000] {dag.py:3823} INFO - Setting next_dagrun for regime_pipeline to None, run_after=None
[2026-04-28T14:23:05.526+0000] {processor.py:183} INFO - Processing /opt/airflow/dags/regime_pipeline_dag.py took 0.074 seconds
[2026-04-28T14:23:35.823+0000] {processor.py:161} INFO - Started process (PID=97) to work on /opt/airflow/dags/regime_pipeline_dag.py
[2026-04-28T14:23:35.824+0000] {processor.py:830} INFO - Processing file /opt/airflow/dags/regime_pipeline_dag.py for tasks to queue
[2026-04-28T14:23:35.825+0000] {logging_mixin.py:188} INFO - [2026-04-28T14:23:35.825+0000] {dagbag.py:538} INFO - Filling up the DagBag from /opt/airflow/dags/regime_pipeline_dag.py
[2026-04-28T14:23:35.844+0000] {processor.py:840} INFO - DAG(s) 'regime_pipeline' retrieved from /opt/airflow/dags/regime_pipeline_dag.py
[2026-04-28T14:23:35.864+0000] {logging_mixin.py:188} INFO - [2026-04-28T14:23:35.864+0000] {dag.py:3036} INFO - Sync 1 DAGs
[2026-04-28T14:23:35.872+0000] {logging_mixin.py:188} INFO - [2026-04-28T14:23:35.872+0000] {dag.py:3823} INFO - Setting next_dagrun for regime_pipeline to None, run_after=None
[2026-04-28T14:23:35.902+0000] {processor.py:183} INFO - Processing /opt/airflow/dags/regime_pipeline_dag.py took 0.081 seconds
[2026-04-28T14:24:06.427+0000] {processor.py:161} INFO - Started process (PID=99) to work on /opt/airflow/dags/regime_pipeline_dag.py
[2026-04-28T14:24:06.428+0000] {processor.py:830} INFO - Processing file /opt/airflow/dags/regime_pipeline_dag.py for tasks to queue
[2026-04-28T14:24:06.429+0000] {logging_mixin.py:188} INFO - [2026-04-28T14:24:06.429+0000] {dagbag.py:538} INFO - Filling up the DagBag from /opt/airflow/dags/regime_pipeline_dag.py
[2026-04-28T14:24:06.448+0000] {processor.py:840} INFO - DAG(s) 'regime_pipeline' retrieved from /opt/airflow/dags/regime_pipeline_dag.py
[2026-04-28T14:24:06.467+0000] {logging_mixin.py:188} INFO - [2026-04-28T14:24:06.466+0000] {dag.py:3036} INFO - Sync 1 DAGs
[2026-04-28T14:24:06.475+0000] {logging_mixin.py:188} INFO - [2026-04-28T14:24:06.475+0000] {dag.py:3823} INFO - Setting next_dagrun for regime_pipeline to None, run_after=None
[2026-04-28T14:24:06.493+0000] {processor.py:183} INFO - Processing /opt/airflow/dags/regime_pipeline_dag.py took 0.068 seconds
[2026-04-28T14:24:36.752+0000] {processor.py:161} INFO - Started process (PID=101) to work on /opt/airflow/dags/regime_pipeline_dag.py
[2026-04-28T14:24:36.754+0000] {processor.py:830} INFO - Processing file /opt/airflow/dags/regime_pipeline_dag.py for tasks to queue
[2026-04-28T14:24:36.755+0000] {logging_mixin.py:188} INFO - [2026-04-28T14:24:36.755+0000] {dagbag.py:538} INFO - Filling up the DagBag from /opt/airflow/dags/regime_pipeline_dag.py
[2026-04-28T14:24:36.777+0000] {processor.py:840} INFO - DAG(s) 'regime_pipeline' retrieved from /opt/airflow/dags/regime_pipeline_dag.py
[2026-04-28T14:24:36.800+0000] {logging_mixin.py:188} INFO - [2026-04-28T14:24:36.799+0000] {dag.py:3036} INFO - Sync 1 DAGs
[2026-04-28T14:24:36.811+0000] {logging_mixin.py:188} INFO - [2026-04-28T14:24:36.811+0000] {dag.py:3823} INFO - Setting next_dagrun for regime_pipeline to None, run_after=None
[2026-04-28T14:24:36.840+0000] {processor.py:183} INFO - Processing /opt/airflow/dags/regime_pipeline_dag.py took 0.091 seconds
[2026-04-28T14:25:07.124+0000] {processor.py:161} INFO - Started process (PID=102) to work on /opt/airflow/dags/regime_pipeline_dag.py
[2026-04-28T14:25:07.125+0000] {processor.py:830} INFO - Processing file /opt/airflow/dags/regime_pipeline_dag.py for tasks to queue
[2026-04-28T14:25:07.126+0000] {logging_mixin.py:188} INFO - [2026-04-28T14:25:07.125+0000] {dagbag.py:538} INFO - Filling up the DagBag from /opt/airflow/dags/regime_pipeline_dag.py
[2026-04-28T14:25:07.145+0000] {processor.py:840} INFO - DAG(s) 'regime_pipeline' retrieved from /opt/airflow/dags/regime_pipeline_dag.py
[2026-04-28T14:25:07.166+0000] {logging_mixin.py:188} INFO - [2026-04-28T14:25:07.165+0000] {dag.py:3036} INFO - Sync 1 DAGs
[2026-04-28T14:25:07.177+0000] {logging_mixin.py:188} INFO - [2026-04-28T14:25:07.177+0000] {dag.py:3823} INFO - Setting next_dagrun for regime_pipeline to None, run_after=None
[2026-04-28T14:25:07.211+0000] {processor.py:183} INFO - Processing /opt/airflow/dags/regime_pipeline_dag.py took 0.091 seconds
[2026-04-28T14:25:38.283+0000] {processor.py:161} INFO - Started process (PID=103) to work on /opt/airflow/dags/regime_pipeline_dag.py
[2026-04-28T14:25:38.284+0000] {processor.py:830} INFO - Processing file /opt/airflow/dags/regime_pipeline_dag.py for tasks to queue
[2026-04-28T14:25:38.285+0000] {logging_mixin.py:188} INFO - [2026-04-28T14:25:38.285+0000] {dagbag.py:538} INFO - Filling up the DagBag from /opt/airflow/dags/regime_pipeline_dag.py
[2026-04-28T14:25:38.302+0000] {processor.py:840} INFO - DAG(s) 'regime_pipeline' retrieved from /opt/airflow/dags/regime_pipeline_dag.py
[2026-04-28T14:25:38.324+0000] {logging_mixin.py:188} INFO - [2026-04-28T14:25:38.324+0000] {dag.py:3036} INFO - Sync 1 DAGs
[2026-04-28T14:25:38.332+0000] {logging_mixin.py:188} INFO - [2026-04-28T14:25:38.331+0000] {dag.py:3823} INFO - Setting next_dagrun for regime_pipeline to None, run_after=None
[2026-04-28T14:25:38.361+0000] {processor.py:183} INFO - Processing /opt/airflow/dags/regime_pipeline_dag.py took 0.082 seconds
[2026-04-28T14:26:08.635+0000] {processor.py:161} INFO - Started process (PID=104) to work on /opt/airflow/dags/regime_pipeline_dag.py
[2026-04-28T14:26:08.636+0000] {processor.py:830} INFO - Processing file /opt/airflow/dags/regime_pipeline_dag.py for tasks to queue
[2026-04-28T14:26:08.637+0000] {logging_mixin.py:188} INFO - [2026-04-28T14:26:08.637+0000] {dagbag.py:538} INFO - Filling up the DagBag from /opt/airflow/dags/regime_pipeline_dag.py
[2026-04-28T14:26:08.658+0000] {processor.py:840} INFO - DAG(s) 'regime_pipeline' retrieved from /opt/airflow/dags/regime_pipeline_dag.py
[2026-04-28T14:26:08.676+0000] {logging_mixin.py:188} INFO - [2026-04-28T14:26:08.675+0000] {dag.py:3036} INFO - Sync 1 DAGs
[2026-04-28T14:26:08.686+0000] {logging_mixin.py:188} INFO - [2026-04-28T14:26:08.686+0000] {dag.py:3823} INFO - Setting next_dagrun for regime_pipeline to None, run_after=None
[2026-04-28T14:26:08.717+0000] {processor.py:183} INFO - Processing /opt/airflow/dags/regime_pipeline_dag.py took 0.084 seconds
[2026-04-28T14:26:38.883+0000] {processor.py:161} INFO - Started process (PID=105) to work on /opt/airflow/dags/regime_pipeline_dag.py
[2026-04-28T14:26:38.884+0000] {processor.py:830} INFO - Processing file /opt/airflow/dags/regime_pipeline_dag.py for tasks to queue
[2026-04-28T14:26:38.885+0000] {logging_mixin.py:188} INFO - [2026-04-28T14:26:38.885+0000] {dagbag.py:538} INFO - Filling up the DagBag from /opt/airflow/dags/regime_pipeline_dag.py
[2026-04-28T14:26:38.902+0000] {processor.py:840} INFO - DAG(s) 'regime_pipeline' retrieved from /opt/airflow/dags/regime_pipeline_dag.py
[2026-04-28T14:26:38.920+0000] {logging_mixin.py:188} INFO - [2026-04-28T14:26:38.920+0000] {dag.py:3036} INFO - Sync 1 DAGs
[2026-04-28T14:26:38.929+0000] {logging_mixin.py:188} INFO - [2026-04-28T14:26:38.929+0000] {dag.py:3823} INFO - Setting next_dagrun for regime_pipeline to None, run_after=None
[2026-04-28T14:26:38.957+0000] {processor.py:183} INFO - Processing /opt/airflow/dags/regime_pipeline_dag.py took 0.077 seconds
[2026-04-28T14:27:09.176+0000] {processor.py:161} INFO - Started process (PID=106) to work on /opt/airflow/dags/regime_pipeline_dag.py
[2026-04-28T14:27:09.178+0000] {processor.py:830} INFO - Processing file /opt/airflow/dags/regime_pipeline_dag.py for tasks to queue
[2026-04-28T14:27:09.179+0000] {logging_mixin.py:188} INFO - [2026-04-28T14:27:09.179+0000] {dagbag.py:538} INFO - Filling up the DagBag from /opt/airflow/dags/regime_pipeline_dag.py
[2026-04-28T14:27:09.196+0000] {processor.py:840} INFO - DAG(s) 'regime_pipeline' retrieved from /opt/airflow/dags/regime_pipeline_dag.py
[2026-04-28T14:27:09.216+0000] {logging_mixin.py:188} INFO - [2026-04-28T14:27:09.216+0000] {dag.py:3036} INFO - Sync 1 DAGs
[2026-04-28T14:27:09.226+0000] {logging_mixin.py:188} INFO - [2026-04-28T14:27:09.226+0000] {dag.py:3823} INFO - Setting next_dagrun for regime_pipeline to None, run_after=None
[2026-04-28T14:27:09.244+0000] {processor.py:183} INFO - Processing /opt/airflow/dags/regime_pipeline_dag.py took 0.072 seconds
[2026-04-28T14:27:40.816+0000] {processor.py:161} INFO - Started process (PID=107) to work on /opt/airflow/dags/regime_pipeline_dag.py
[2026-04-28T14:27:40.817+0000] {processor.py:830} INFO - Processing file /opt/airflow/dags/regime_pipeline_dag.py for tasks to queue
[2026-04-28T14:27:40.818+0000] {logging_mixin.py:188} INFO - [2026-04-28T14:27:40.818+0000] {dagbag.py:538} INFO - Filling up the DagBag from /opt/airflow/dags/regime_pipeline_dag.py
[2026-04-28T14:27:40.835+0000] {processor.py:840} INFO - DAG(s) 'regime_pipeline' retrieved from /opt/airflow/dags/regime_pipeline_dag.py
[2026-04-28T14:27:40.855+0000] {logging_mixin.py:188} INFO - [2026-04-28T14:27:40.854+0000] {dag.py:3036} INFO - Sync 1 DAGs
[2026-04-28T14:27:40.864+0000] {logging_mixin.py:188} INFO - [2026-04-28T14:27:40.864+0000] {dag.py:3823} INFO - Setting next_dagrun for regime_pipeline to None, run_after=None
[2026-04-28T14:27:40.895+0000] {processor.py:183} INFO - Processing /opt/airflow/dags/regime_pipeline_dag.py took 0.081 seconds
[2026-04-28T14:28:12.404+0000] {processor.py:161} INFO - Started process (PID=108) to work on /opt/airflow/dags/regime_pipeline_dag.py
[2026-04-28T14:28:12.405+0000] {processor.py:830} INFO - Processing file /opt/airflow/dags/regime_pipeline_dag.py for tasks to queue
[2026-04-28T14:28:12.407+0000] {logging_mixin.py:188} INFO - [2026-04-28T14:28:12.406+0000] {dagbag.py:538} INFO - Filling up the DagBag from /opt/airflow/dags/regime_pipeline_dag.py
[2026-04-28T14:28:12.425+0000] {processor.py:840} INFO - DAG(s) 'regime_pipeline' retrieved from /opt/airflow/dags/regime_pipeline_dag.py
[2026-04-28T14:28:12.442+0000] {logging_mixin.py:188} INFO - [2026-04-28T14:28:12.442+0000] {dag.py:3036} INFO - Sync 1 DAGs
[2026-04-28T14:28:12.451+0000] {logging_mixin.py:188} INFO - [2026-04-28T14:28:12.451+0000] {dag.py:3823} INFO - Setting next_dagrun for regime_pipeline to None, run_after=None
[2026-04-28T14:28:12.469+0000] {processor.py:183} INFO - Processing /opt/airflow/dags/regime_pipeline_dag.py took 0.068 seconds
[2026-04-28T14:28:43.806+0000] {processor.py:161} INFO - Started process (PID=109) to work on /opt/airflow/dags/regime_pipeline_dag.py
[2026-04-28T14:28:43.807+0000] {processor.py:830} INFO - Processing file /opt/airflow/dags/regime_pipeline_dag.py for tasks to queue
[2026-04-28T14:28:43.808+0000] {logging_mixin.py:188} INFO - [2026-04-28T14:28:43.808+0000] {dagbag.py:538} INFO - Filling up the DagBag from /opt/airflow/dags/regime_pipeline_dag.py
[2026-04-28T14:28:43.823+0000] {processor.py:840} INFO - DAG(s) 'regime_pipeline' retrieved from /opt/airflow/dags/regime_pipeline_dag.py
[2026-04-28T14:28:43.841+0000] {logging_mixin.py:188} INFO - [2026-04-28T14:28:43.841+0000] {dag.py:3036} INFO - Sync 1 DAGs
[2026-04-28T14:28:43.849+0000] {logging_mixin.py:188} INFO - [2026-04-28T14:28:43.849+0000] {dag.py:3823} INFO - Setting next_dagrun for regime_pipeline to None, run_after=None
[2026-04-28T14:28:43.863+0000] {processor.py:183} INFO - Processing /opt/airflow/dags/regime_pipeline_dag.py took 0.060 seconds
[2026-04-28T14:29:15.285+0000] {processor.py:161} INFO - Started process (PID=110) to work on /opt/airflow/dags/regime_pipeline_dag.py
[2026-04-28T14:29:15.286+0000] {processor.py:830} INFO - Processing file /opt/airflow/dags/regime_pipeline_dag.py for tasks to queue
[2026-04-28T14:29:15.288+0000] {logging_mixin.py:188} INFO - [2026-04-28T14:29:15.287+0000] {dagbag.py:538} INFO - Filling up the DagBag from /opt/airflow/dags/regime_pipeline_dag.py
[2026-04-28T14:29:15.309+0000] {processor.py:840} INFO - DAG(s) 'regime_pipeline' retrieved from /opt/airflow/dags/regime_pipeline_dag.py
[2026-04-28T14:29:15.328+0000] {logging_mixin.py:188} INFO - [2026-04-28T14:29:15.327+0000] {dag.py:3036} INFO - Sync 1 DAGs
[2026-04-28T14:29:15.336+0000] {logging_mixin.py:188} INFO - [2026-04-28T14:29:15.336+0000] {dag.py:3823} INFO - Setting next_dagrun for regime_pipeline to None, run_after=None
[2026-04-28T14:29:15.364+0000] {processor.py:183} INFO - Processing /opt/airflow/dags/regime_pipeline_dag.py took 0.082 seconds
[2026-04-28T14:29:45.937+0000] {processor.py:161} INFO - Started process (PID=111) to work on /opt/airflow/dags/regime_pipeline_dag.py
[2026-04-28T14:29:45.939+0000] {processor.py:830} INFO - Processing file /opt/airflow/dags/regime_pipeline_dag.py for tasks to queue
[2026-04-28T14:29:45.940+0000] {logging_mixin.py:188} INFO - [2026-04-28T14:29:45.940+0000] {dagbag.py:538} INFO - Filling up the DagBag from /opt/airflow/dags/regime_pipeline_dag.py
[2026-04-28T14:29:45.959+0000] {processor.py:840} INFO - DAG(s) 'regime_pipeline' retrieved from /opt/airflow/dags/regime_pipeline_dag.py
[2026-04-28T14:29:45.978+0000] {logging_mixin.py:188} INFO - [2026-04-28T14:29:45.977+0000] {dag.py:3036} INFO - Sync 1 DAGs
[2026-04-28T14:29:45.988+0000] {logging_mixin.py:188} INFO - [2026-04-28T14:29:45.988+0000] {dag.py:3823} INFO - Setting next_dagrun for regime_pipeline to None, run_after=None
[2026-04-28T14:29:46.007+0000] {processor.py:183} INFO - Processing /opt/airflow/dags/regime_pipeline_dag.py took 0.073 seconds
[2026-04-28T14:43:29.844+0000] {processor.py:161} INFO - Started process (PID=41) to work on /opt/airflow/dags/regime_pipeline_dag.py
[2026-04-28T14:43:29.845+0000] {processor.py:830} INFO - Processing file /opt/airflow/dags/regime_pipeline_dag.py for tasks to queue
[2026-04-28T14:43:29.846+0000] {logging_mixin.py:188} INFO - [2026-04-28T14:43:29.846+0000] {dagbag.py:538} INFO - Filling up the DagBag from /opt/airflow/dags/regime_pipeline_dag.py
[2026-04-28T14:43:29.880+0000] {processor.py:840} INFO - DAG(s) 'regime_pipeline' retrieved from /opt/airflow/dags/regime_pipeline_dag.py
[2026-04-28T14:43:30.086+0000] {logging_mixin.py:188} INFO - [2026-04-28T14:43:30.085+0000] {override.py:1769} INFO - Created Permission View: can read on DAG:regime_pipeline
[2026-04-28T14:43:30.096+0000] {logging_mixin.py:188} INFO - [2026-04-28T14:43:30.095+0000] {override.py:1769} INFO - Created Permission View: can delete on DAG:regime_pipeline
[2026-04-28T14:43:30.107+0000] {logging_mixin.py:188} INFO - [2026-04-28T14:43:30.107+0000] {override.py:1769} INFO - Created Permission View: can edit on DAG:regime_pipeline
[2026-04-28T14:43:30.108+0000] {logging_mixin.py:188} INFO - [2026-04-28T14:43:30.108+0000] {dag.py:3036} INFO - Sync 1 DAGs
[2026-04-28T14:43:30.114+0000] {logging_mixin.py:188} INFO - [2026-04-28T14:43:30.114+0000] {dag.py:3058} INFO - Creating ORM DAG for regime_pipeline
[2026-04-28T14:43:30.115+0000] {logging_mixin.py:188} INFO - [2026-04-28T14:43:30.115+0000] {dag.py:3823} INFO - Setting next_dagrun for regime_pipeline to None, run_after=None
[2026-04-28T14:43:30.129+0000] {processor.py:183} INFO - Processing /opt/airflow/dags/regime_pipeline_dag.py took 0.288 seconds
[2026-04-28T14:44:00.520+0000] {processor.py:161} INFO - Started process (PID=42) to work on /opt/airflow/dags/regime_pipeline_dag.py
[2026-04-28T14:44:00.521+0000] {processor.py:830} INFO - Processing file /opt/airflow/dags/regime_pipeline_dag.py for tasks to queue
[2026-04-28T14:44:00.522+0000] {logging_mixin.py:188} INFO - [2026-04-28T14:44:00.522+0000] {dagbag.py:538} INFO - Filling up the DagBag from /opt/airflow/dags/regime_pipeline_dag.py
[2026-04-28T14:44:00.542+0000] {processor.py:840} INFO - DAG(s) 'regime_pipeline' retrieved from /opt/airflow/dags/regime_pipeline_dag.py
[2026-04-28T14:44:00.561+0000] {logging_mixin.py:188} INFO - [2026-04-28T14:44:00.561+0000] {dag.py:3036} INFO - Sync 1 DAGs
[2026-04-28T14:44:00.568+0000] {logging_mixin.py:188} INFO - [2026-04-28T14:44:00.568+0000] {dag.py:3823} INFO - Setting next_dagrun for regime_pipeline to None, run_after=None
[2026-04-28T14:44:00.581+0000] {processor.py:183} INFO - Processing /opt/airflow/dags/regime_pipeline_dag.py took 0.065 seconds
[2026-04-28T14:44:31.183+0000] {processor.py:161} INFO - Started process (PID=43) to work on /opt/airflow/dags/regime_pipeline_dag.py
[2026-04-28T14:44:31.184+0000] {processor.py:830} INFO - Processing file /opt/airflow/dags/regime_pipeline_dag.py for tasks to queue
[2026-04-28T14:44:31.186+0000] {logging_mixin.py:188} INFO - [2026-04-28T14:44:31.185+0000] {dagbag.py:538} INFO - Filling up the DagBag from /opt/airflow/dags/regime_pipeline_dag.py
[2026-04-28T14:44:31.210+0000] {processor.py:840} INFO - DAG(s) 'regime_pipeline' retrieved from /opt/airflow/dags/regime_pipeline_dag.py
[2026-04-28T14:44:31.234+0000] {logging_mixin.py:188} INFO - [2026-04-28T14:44:31.234+0000] {dag.py:3036} INFO - Sync 1 DAGs
[2026-04-28T14:44:31.245+0000] {logging_mixin.py:188} INFO - [2026-04-28T14:44:31.245+0000] {dag.py:3823} INFO - Setting next_dagrun for regime_pipeline to None, run_after=None
[2026-04-28T14:44:31.264+0000] {processor.py:183} INFO - Processing /opt/airflow/dags/regime_pipeline_dag.py took 0.082 seconds
[2026-04-28T14:45:24.436+0000] {processor.py:161} INFO - Started process (PID=41) to work on /opt/airflow/dags/regime_pipeline_dag.py
[2026-04-28T14:45:24.437+0000] {processor.py:830} INFO - Processing file /opt/airflow/dags/regime_pipeline_dag.py for tasks to queue
[2026-04-28T14:45:24.438+0000] {logging_mixin.py:188} INFO - [2026-04-28T14:45:24.438+0000] {dagbag.py:538} INFO - Filling up the DagBag from /opt/airflow/dags/regime_pipeline_dag.py
[2026-04-28T14:45:24.475+0000] {processor.py:840} INFO - DAG(s) 'regime_pipeline' retrieved from /opt/airflow/dags/regime_pipeline_dag.py
[2026-04-28T14:45:24.678+0000] {logging_mixin.py:188} INFO - [2026-04-28T14:45:24.677+0000] {override.py:1769} INFO - Created Permission View: can edit on DAG:regime_pipeline
[2026-04-28T14:45:24.688+0000] {logging_mixin.py:188} INFO - [2026-04-28T14:45:24.687+0000] {override.py:1769} INFO - Created Permission View: can delete on DAG:regime_pipeline
[2026-04-28T14:45:24.697+0000] {logging_mixin.py:188} INFO - [2026-04-28T14:45:24.697+0000] {override.py:1769} INFO - Created Permission View: can read on DAG:regime_pipeline
[2026-04-28T14:45:24.697+0000] {logging_mixin.py:188} INFO - [2026-04-28T14:45:24.697+0000] {dag.py:3036} INFO - Sync 1 DAGs
[2026-04-28T14:45:24.704+0000] {logging_mixin.py:188} INFO - [2026-04-28T14:45:24.704+0000] {dag.py:3058} INFO - Creating ORM DAG for regime_pipeline
[2026-04-28T14:45:24.705+0000] {logging_mixin.py:188} INFO - [2026-04-28T14:45:24.705+0000] {dag.py:3823} INFO - Setting next_dagrun for regime_pipeline to None, run_after=None
[2026-04-28T14:45:24.720+0000] {processor.py:183} INFO - Processing /opt/airflow/dags/regime_pipeline_dag.py took 0.288 seconds
[2026-04-28T14:45:55.061+0000] {processor.py:161} INFO - Started process (PID=42) to work on /opt/airflow/dags/regime_pipeline_dag.py
[2026-04-28T14:45:55.062+0000] {processor.py:830} INFO - Processing file /opt/airflow/dags/regime_pipeline_dag.py for tasks to queue
[2026-04-28T14:45:55.063+0000] {logging_mixin.py:188} INFO - [2026-04-28T14:45:55.063+0000] {dagbag.py:538} INFO - Filling up the DagBag from /opt/airflow/dags/regime_pipeline_dag.py
[2026-04-28T14:45:55.082+0000] {processor.py:840} INFO - DAG(s) 'regime_pipeline' retrieved from /opt/airflow/dags/regime_pipeline_dag.py
[2026-04-28T14:45:55.102+0000] {logging_mixin.py:188} INFO - [2026-04-28T14:45:55.102+0000] {dag.py:3036} INFO - Sync 1 DAGs
[2026-04-28T14:45:55.110+0000] {logging_mixin.py:188} INFO - [2026-04-28T14:45:55.110+0000] {dag.py:3823} INFO - Setting next_dagrun for regime_pipeline to None, run_after=None
[2026-04-28T14:45:55.140+0000] {processor.py:183} INFO - Processing /opt/airflow/dags/regime_pipeline_dag.py took 0.083 seconds
[2026-04-28T14:46:25.602+0000] {processor.py:161} INFO - Started process (PID=43) to work on /opt/airflow/dags/regime_pipeline_dag.py
[2026-04-28T14:46:25.604+0000] {processor.py:830} INFO - Processing file /opt/airflow/dags/regime_pipeline_dag.py for tasks to queue
[2026-04-28T14:46:25.605+0000] {logging_mixin.py:188} INFO - [2026-04-28T14:46:25.604+0000] {dagbag.py:538} INFO - Filling up the DagBag from /opt/airflow/dags/regime_pipeline_dag.py
[2026-04-28T14:46:25.625+0000] {processor.py:840} INFO - DAG(s) 'regime_pipeline' retrieved from /opt/airflow/dags/regime_pipeline_dag.py
[2026-04-28T14:46:25.643+0000] {logging_mixin.py:188} INFO - [2026-04-28T14:46:25.643+0000] {dag.py:3036} INFO - Sync 1 DAGs
[2026-04-28T14:46:25.651+0000] {logging_mixin.py:188} INFO - [2026-04-28T14:46:25.651+0000] {dag.py:3823} INFO - Setting next_dagrun for regime_pipeline to None, run_after=None
[2026-04-28T14:46:25.683+0000] {processor.py:183} INFO - Processing /opt/airflow/dags/regime_pipeline_dag.py took 0.084 seconds
[2026-04-28T14:48:42.509+0000] {processor.py:161} INFO - Started process (PID=35) to work on /opt/airflow/dags/regime_pipeline_dag.py
[2026-04-28T14:48:42.510+0000] {processor.py:830} INFO - Processing file /opt/airflow/dags/regime_pipeline_dag.py for tasks to queue
[2026-04-28T14:48:42.511+0000] {logging_mixin.py:188} INFO - [2026-04-28T14:48:42.511+0000] {dagbag.py:538} INFO - Filling up the DagBag from /opt/airflow/dags/regime_pipeline_dag.py
[2026-04-28T14:48:42.534+0000] {processor.py:840} INFO - DAG(s) 'regime_pipeline' retrieved from /opt/airflow/dags/regime_pipeline_dag.py
[2026-04-28T14:48:42.541+0000] {logging_mixin.py:188} INFO - [2026-04-28T14:48:42.541+0000] {dag.py:3036} INFO - Sync 1 DAGs
[2026-04-28T14:48:42.551+0000] {logging_mixin.py:188} INFO - [2026-04-28T14:48:42.551+0000] {dag.py:3823} INFO - Setting next_dagrun for regime_pipeline to None, run_after=None
[2026-04-28T14:48:42.566+0000] {processor.py:183} INFO - Processing /opt/airflow/dags/regime_pipeline_dag.py took 0.060 seconds
[2026-04-28T14:49:13.102+0000] {processor.py:161} INFO - Started process (PID=77) to work on /opt/airflow/dags/regime_pipeline_dag.py
[2026-04-28T14:49:13.103+0000] {processor.py:830} INFO - Processing file /opt/airflow/dags/regime_pipeline_dag.py for tasks to queue
[2026-04-28T14:49:13.104+0000] {logging_mixin.py:188} INFO - [2026-04-28T14:49:13.103+0000] {dagbag.py:538} INFO - Filling up the DagBag from /opt/airflow/dags/regime_pipeline_dag.py
[2026-04-28T14:49:13.120+0000] {processor.py:840} INFO - DAG(s) 'regime_pipeline' retrieved from /opt/airflow/dags/regime_pipeline_dag.py
[2026-04-28T14:49:13.180+0000] {logging_mixin.py:188} INFO - [2026-04-28T14:49:13.180+0000] {dag.py:3036} INFO - Sync 1 DAGs
[2026-04-28T14:49:13.186+0000] {logging_mixin.py:188} INFO - [2026-04-28T14:49:13.186+0000] {dag.py:3823} INFO - Setting next_dagrun for regime_pipeline to None, run_after=None
[2026-04-28T14:49:13.200+0000] {processor.py:183} INFO - Processing /opt/airflow/dags/regime_pipeline_dag.py took 0.101 seconds
[2026-04-28T14:49:43.651+0000] {processor.py:161} INFO - Started process (PID=78) to work on /opt/airflow/dags/regime_pipeline_dag.py
[2026-04-28T14:49:43.652+0000] {processor.py:830} INFO - Processing file /opt/airflow/dags/regime_pipeline_dag.py for tasks to queue
[2026-04-28T14:49:43.654+0000] {logging_mixin.py:188} INFO - [2026-04-28T14:49:43.653+0000] {dagbag.py:538} INFO - Filling up the DagBag from /opt/airflow/dags/regime_pipeline_dag.py
[2026-04-28T14:49:43.674+0000] {processor.py:840} INFO - DAG(s) 'regime_pipeline' retrieved from /opt/airflow/dags/regime_pipeline_dag.py
[2026-04-28T14:49:43.695+0000] {logging_mixin.py:188} INFO - [2026-04-28T14:49:43.694+0000] {dag.py:3036} INFO - Sync 1 DAGs
[2026-04-28T14:49:43.703+0000] {logging_mixin.py:188} INFO - [2026-04-28T14:49:43.702+0000] {dag.py:3823} INFO - Setting next_dagrun for regime_pipeline to None, run_after=None
[2026-04-28T14:49:43.730+0000] {processor.py:183} INFO - Processing /opt/airflow/dags/regime_pipeline_dag.py took 0.082 seconds
[2026-04-28T14:50:14.213+0000] {processor.py:161} INFO - Started process (PID=79) to work on /opt/airflow/dags/regime_pipeline_dag.py
[2026-04-28T14:50:14.214+0000] {processor.py:830} INFO - Processing file /opt/airflow/dags/regime_pipeline_dag.py for tasks to queue
[2026-04-28T14:50:14.215+0000] {logging_mixin.py:188} INFO - [2026-04-28T14:50:14.215+0000] {dagbag.py:538} INFO - Filling up the DagBag from /opt/airflow/dags/regime_pipeline_dag.py
[2026-04-28T14:50:14.231+0000] {processor.py:840} INFO - DAG(s) 'regime_pipeline' retrieved from /opt/airflow/dags/regime_pipeline_dag.py
[2026-04-28T14:50:14.248+0000] {logging_mixin.py:188} INFO - [2026-04-28T14:50:14.247+0000] {dag.py:3036} INFO - Sync 1 DAGs
[2026-04-28T14:50:14.254+0000] {logging_mixin.py:188} INFO - [2026-04-28T14:50:14.254+0000] {dag.py:3823} INFO - Setting next_dagrun for regime_pipeline to None, run_after=None
[2026-04-28T14:50:14.282+0000] {processor.py:183} INFO - Processing /opt/airflow/dags/regime_pipeline_dag.py took 0.072 seconds
[2026-04-28T14:50:44.767+0000] {processor.py:161} INFO - Started process (PID=80) to work on /opt/airflow/dags/regime_pipeline_dag.py
[2026-04-28T14:50:44.768+0000] {processor.py:830} INFO - Processing file /opt/airflow/dags/regime_pipeline_dag.py for tasks to queue
[2026-04-28T14:50:44.769+0000] {logging_mixin.py:188} INFO - [2026-04-28T14:50:44.769+0000] {dagbag.py:538} INFO - Filling up the DagBag from /opt/airflow/dags/regime_pipeline_dag.py
[2026-04-28T14:50:44.787+0000] {processor.py:840} INFO - DAG(s) 'regime_pipeline' retrieved from /opt/airflow/dags/regime_pipeline_dag.py
[2026-04-28T14:50:44.808+0000] {logging_mixin.py:188} INFO - [2026-04-28T14:50:44.808+0000] {dag.py:3036} INFO - Sync 1 DAGs
[2026-04-28T14:50:44.817+0000] {logging_mixin.py:188} INFO - [2026-04-28T14:50:44.816+0000] {dag.py:3823} INFO - Setting next_dagrun for regime_pipeline to None, run_after=None
[2026-04-28T14:50:44.832+0000] {processor.py:183} INFO - Processing /opt/airflow/dags/regime_pipeline_dag.py took 0.068 seconds
[2026-04-28T14:51:15.405+0000] {processor.py:161} INFO - Started process (PID=82) to work on /opt/airflow/dags/regime_pipeline_dag.py
[2026-04-28T14:51:15.406+0000] {processor.py:830} INFO - Processing file /opt/airflow/dags/regime_pipeline_dag.py for tasks to queue
[2026-04-28T14:51:15.407+0000] {logging_mixin.py:188} INFO - [2026-04-28T14:51:15.406+0000] {dagbag.py:538} INFO - Filling up the DagBag from /opt/airflow/dags/regime_pipeline_dag.py
[2026-04-28T14:51:15.422+0000] {processor.py:840} INFO - DAG(s) 'regime_pipeline' retrieved from /opt/airflow/dags/regime_pipeline_dag.py
[2026-04-28T14:51:15.446+0000] {logging_mixin.py:188} INFO - [2026-04-28T14:51:15.446+0000] {dag.py:3036} INFO - Sync 1 DAGs
[2026-04-28T14:51:15.454+0000] {logging_mixin.py:188} INFO - [2026-04-28T14:51:15.454+0000] {dag.py:3823} INFO - Setting next_dagrun for regime_pipeline to None, run_after=None
[2026-04-28T14:51:15.469+0000] {processor.py:183} INFO - Processing /opt/airflow/dags/regime_pipeline_dag.py took 0.066 seconds
[2026-04-28T14:51:46.131+0000] {processor.py:161} INFO - Started process (PID=83) to work on /opt/airflow/dags/regime_pipeline_dag.py
[2026-04-28T14:51:46.133+0000] {processor.py:830} INFO - Processing file /opt/airflow/dags/regime_pipeline_dag.py for tasks to queue
[2026-04-28T14:51:46.134+0000] {logging_mixin.py:188} INFO - [2026-04-28T14:51:46.133+0000] {dagbag.py:538} INFO - Filling up the DagBag from /opt/airflow/dags/regime_pipeline_dag.py
[2026-04-28T14:51:46.156+0000] {processor.py:840} INFO - DAG(s) 'regime_pipeline' retrieved from /opt/airflow/dags/regime_pipeline_dag.py
[2026-04-28T14:51:46.179+0000] {logging_mixin.py:188} INFO - [2026-04-28T14:51:46.178+0000] {dag.py:3036} INFO - Sync 1 DAGs
[2026-04-28T14:51:46.188+0000] {logging_mixin.py:188} INFO - [2026-04-28T14:51:46.188+0000] {dag.py:3823} INFO - Setting next_dagrun for regime_pipeline to None, run_after=None
[2026-04-28T14:51:46.206+0000] {processor.py:183} INFO - Processing /opt/airflow/dags/regime_pipeline_dag.py took 0.078 seconds
[2026-04-28T14:52:16.695+0000] {processor.py:161} INFO - Started process (PID=84) to work on /opt/airflow/dags/regime_pipeline_dag.py
[2026-04-28T14:52:16.697+0000] {processor.py:830} INFO - Processing file /opt/airflow/dags/regime_pipeline_dag.py for tasks to queue
[2026-04-28T14:52:16.698+0000] {logging_mixin.py:188} INFO - [2026-04-28T14:52:16.697+0000] {dagbag.py:538} INFO - Filling up the DagBag from /opt/airflow/dags/regime_pipeline_dag.py
[2026-04-28T14:52:16.718+0000] {processor.py:840} INFO - DAG(s) 'regime_pipeline' retrieved from /opt/airflow/dags/regime_pipeline_dag.py
[2026-04-28T14:52:16.736+0000] {logging_mixin.py:188} INFO - [2026-04-28T14:52:16.736+0000] {dag.py:3036} INFO - Sync 1 DAGs
[2026-04-28T14:52:16.744+0000] {logging_mixin.py:188} INFO - [2026-04-28T14:52:16.744+0000] {dag.py:3823} INFO - Setting next_dagrun for regime_pipeline to None, run_after=None
[2026-04-28T14:52:16.761+0000] {processor.py:183} INFO - Processing /opt/airflow/dags/regime_pipeline_dag.py took 0.069 seconds
[2026-04-28T14:52:47.219+0000] {processor.py:161} INFO - Started process (PID=85) to work on /opt/airflow/dags/regime_pipeline_dag.py
[2026-04-28T14:52:47.221+0000] {processor.py:830} INFO - Processing file /opt/airflow/dags/regime_pipeline_dag.py for tasks to queue
[2026-04-28T14:52:47.223+0000] {logging_mixin.py:188} INFO - [2026-04-28T14:52:47.222+0000] {dagbag.py:538} INFO - Filling up the DagBag from /opt/airflow/dags/regime_pipeline_dag.py
[2026-04-28T14:52:47.241+0000] {processor.py:840} INFO - DAG(s) 'regime_pipeline' retrieved from /opt/airflow/dags/regime_pipeline_dag.py
[2026-04-28T14:52:47.259+0000] {logging_mixin.py:188} INFO - [2026-04-28T14:52:47.259+0000] {dag.py:3036} INFO - Sync 1 DAGs
[2026-04-28T14:52:47.268+0000] {logging_mixin.py:188} INFO - [2026-04-28T14:52:47.268+0000] {dag.py:3823} INFO - Setting next_dagrun for regime_pipeline to None, run_after=None
[2026-04-28T14:52:47.283+0000] {processor.py:183} INFO - Processing /opt/airflow/dags/regime_pipeline_dag.py took 0.067 seconds
[2026-04-28T14:53:17.844+0000] {processor.py:161} INFO - Started process (PID=86) to work on /opt/airflow/dags/regime_pipeline_dag.py
[2026-04-28T14:53:17.845+0000] {processor.py:830} INFO - Processing file /opt/airflow/dags/regime_pipeline_dag.py for tasks to queue
[2026-04-28T14:53:17.847+0000] {logging_mixin.py:188} INFO - [2026-04-28T14:53:17.846+0000] {dagbag.py:538} INFO - Filling up the DagBag from /opt/airflow/dags/regime_pipeline_dag.py
[2026-04-28T14:53:17.862+0000] {processor.py:840} INFO - DAG(s) 'regime_pipeline' retrieved from /opt/airflow/dags/regime_pipeline_dag.py
[2026-04-28T14:53:17.879+0000] {logging_mixin.py:188} INFO - [2026-04-28T14:53:17.878+0000] {dag.py:3036} INFO - Sync 1 DAGs
[2026-04-28T14:53:17.886+0000] {logging_mixin.py:188} INFO - [2026-04-28T14:53:17.886+0000] {dag.py:3823} INFO - Setting next_dagrun for regime_pipeline to None, run_after=None
[2026-04-28T14:53:17.900+0000] {processor.py:183} INFO - Processing /opt/airflow/dags/regime_pipeline_dag.py took 0.058 seconds
[2026-04-28T14:53:48.539+0000] {processor.py:161} INFO - Started process (PID=87) to work on /opt/airflow/dags/regime_pipeline_dag.py
[2026-04-28T14:53:48.541+0000] {processor.py:830} INFO - Processing file /opt/airflow/dags/regime_pipeline_dag.py for tasks to queue
[2026-04-28T14:53:48.543+0000] {logging_mixin.py:188} INFO - [2026-04-28T14:53:48.542+0000] {dagbag.py:538} INFO - Filling up the DagBag from /opt/airflow/dags/regime_pipeline_dag.py
[2026-04-28T14:53:48.563+0000] {processor.py:840} INFO - DAG(s) 'regime_pipeline' retrieved from /opt/airflow/dags/regime_pipeline_dag.py
[2026-04-28T14:53:48.585+0000] {logging_mixin.py:188} INFO - [2026-04-28T14:53:48.585+0000] {dag.py:3036} INFO - Sync 1 DAGs
[2026-04-28T14:53:48.594+0000] {logging_mixin.py:188} INFO - [2026-04-28T14:53:48.594+0000] {dag.py:3823} INFO - Setting next_dagrun for regime_pipeline to None, run_after=None
[2026-04-28T14:53:48.611+0000] {processor.py:183} INFO - Processing /opt/airflow/dags/regime_pipeline_dag.py took 0.077 seconds
[2026-04-28T14:54:18.971+0000] {processor.py:161} INFO - Started process (PID=88) to work on /opt/airflow/dags/regime_pipeline_dag.py
[2026-04-28T14:54:18.972+0000] {processor.py:830} INFO - Processing file /opt/airflow/dags/regime_pipeline_dag.py for tasks to queue
[2026-04-28T14:54:18.973+0000] {logging_mixin.py:188} INFO - [2026-04-28T14:54:18.973+0000] {dagbag.py:538} INFO - Filling up the DagBag from /opt/airflow/dags/regime_pipeline_dag.py
[2026-04-28T14:54:18.994+0000] {processor.py:840} INFO - DAG(s) 'regime_pipeline' retrieved from /opt/airflow/dags/regime_pipeline_dag.py
[2026-04-28T14:54:19.017+0000] {logging_mixin.py:188} INFO - [2026-04-28T14:54:19.017+0000] {dag.py:3036} INFO - Sync 1 DAGs
[2026-04-28T14:54:19.025+0000] {logging_mixin.py:188} INFO - [2026-04-28T14:54:19.025+0000] {dag.py:3823} INFO - Setting next_dagrun for regime_pipeline to None, run_after=None
[2026-04-28T14:54:19.056+0000] {processor.py:183} INFO - Processing /opt/airflow/dags/regime_pipeline_dag.py took 0.089 seconds
[2026-04-28T14:54:49.791+0000] {processor.py:161} INFO - Started process (PID=89) to work on /opt/airflow/dags/regime_pipeline_dag.py
[2026-04-28T14:54:49.792+0000] {processor.py:830} INFO - Processing file /opt/airflow/dags/regime_pipeline_dag.py for tasks to queue
[2026-04-28T14:54:49.793+0000] {logging_mixin.py:188} INFO - [2026-04-28T14:54:49.793+0000] {dagbag.py:538} INFO - Filling up the DagBag from /opt/airflow/dags/regime_pipeline_dag.py
[2026-04-28T14:54:49.808+0000] {processor.py:840} INFO - DAG(s) 'regime_pipeline' retrieved from /opt/airflow/dags/regime_pipeline_dag.py
[2026-04-28T14:54:49.823+0000] {logging_mixin.py:188} INFO - [2026-04-28T14:54:49.823+0000] {dag.py:3036} INFO - Sync 1 DAGs
[2026-04-28T14:54:49.831+0000] {logging_mixin.py:188} INFO - [2026-04-28T14:54:49.831+0000] {dag.py:3823} INFO - Setting next_dagrun for regime_pipeline to None, run_after=None
[2026-04-28T14:54:49.844+0000] {processor.py:183} INFO - Processing /opt/airflow/dags/regime_pipeline_dag.py took 0.056 seconds
[2026-04-28T14:55:20.327+0000] {processor.py:161} INFO - Started process (PID=90) to work on /opt/airflow/dags/regime_pipeline_dag.py
[2026-04-28T14:55:20.328+0000] {processor.py:830} INFO - Processing file /opt/airflow/dags/regime_pipeline_dag.py for tasks to queue
[2026-04-28T14:55:20.330+0000] {logging_mixin.py:188} INFO - [2026-04-28T14:55:20.329+0000] {dagbag.py:538} INFO - Filling up the DagBag from /opt/airflow/dags/regime_pipeline_dag.py
[2026-04-28T14:55:20.350+0000] {processor.py:840} INFO - DAG(s) 'regime_pipeline' retrieved from /opt/airflow/dags/regime_pipeline_dag.py
[2026-04-28T14:55:20.368+0000] {logging_mixin.py:188} INFO - [2026-04-28T14:55:20.368+0000] {dag.py:3036} INFO - Sync 1 DAGs
[2026-04-28T14:55:20.376+0000] {logging_mixin.py:188} INFO - [2026-04-28T14:55:20.376+0000] {dag.py:3823} INFO - Setting next_dagrun for regime_pipeline to None, run_after=None
[2026-04-28T14:55:20.392+0000] {processor.py:183} INFO - Processing /opt/airflow/dags/regime_pipeline_dag.py took 0.069 seconds
[2026-04-28T14:55:50.875+0000] {processor.py:161} INFO - Started process (PID=91) to work on /opt/airflow/dags/regime_pipeline_dag.py
[2026-04-28T14:55:50.876+0000] {processor.py:830} INFO - Processing file /opt/airflow/dags/regime_pipeline_dag.py for tasks to queue
[2026-04-28T14:55:50.877+0000] {logging_mixin.py:188} INFO - [2026-04-28T14:55:50.877+0000] {dagbag.py:538} INFO - Filling up the DagBag from /opt/airflow/dags/regime_pipeline_dag.py
[2026-04-28T14:55:50.894+0000] {processor.py:840} INFO - DAG(s) 'regime_pipeline' retrieved from /opt/airflow/dags/regime_pipeline_dag.py
[2026-04-28T14:55:50.911+0000] {logging_mixin.py:188} INFO - [2026-04-28T14:55:50.911+0000] {dag.py:3036} INFO - Sync 1 DAGs
[2026-04-28T14:55:50.918+0000] {logging_mixin.py:188} INFO - [2026-04-28T14:55:50.918+0000] {dag.py:3823} INFO - Setting next_dagrun for regime_pipeline to None, run_after=None
[2026-04-28T14:55:50.931+0000] {processor.py:183} INFO - Processing /opt/airflow/dags/regime_pipeline_dag.py took 0.059 seconds
[2026-04-28T14:56:22.521+0000] {processor.py:161} INFO - Started process (PID=92) to work on /opt/airflow/dags/regime_pipeline_dag.py
[2026-04-28T14:56:22.522+0000] {processor.py:830} INFO - Processing file /opt/airflow/dags/regime_pipeline_dag.py for tasks to queue
[2026-04-28T14:56:22.524+0000] {logging_mixin.py:188} INFO - [2026-04-28T14:56:22.523+0000] {dagbag.py:538} INFO - Filling up the DagBag from /opt/airflow/dags/regime_pipeline_dag.py
[2026-04-28T14:56:22.544+0000] {processor.py:840} INFO - DAG(s) 'regime_pipeline' retrieved from /opt/airflow/dags/regime_pipeline_dag.py
[2026-04-28T14:56:22.564+0000] {logging_mixin.py:188} INFO - [2026-04-28T14:56:22.563+0000] {dag.py:3036} INFO - Sync 1 DAGs
[2026-04-28T14:56:22.572+0000] {logging_mixin.py:188} INFO - [2026-04-28T14:56:22.571+0000] {dag.py:3823} INFO - Setting next_dagrun for regime_pipeline to None, run_after=None
[2026-04-28T14:56:22.588+0000] {processor.py:183} INFO - Processing /opt/airflow/dags/regime_pipeline_dag.py took 0.070 seconds
[2026-04-28T14:56:54.135+0000] {processor.py:161} INFO - Started process (PID=93) to work on /opt/airflow/dags/regime_pipeline_dag.py
[2026-04-28T14:56:54.136+0000] {processor.py:830} INFO - Processing file /opt/airflow/dags/regime_pipeline_dag.py for tasks to queue
[2026-04-28T14:56:54.137+0000] {logging_mixin.py:188} INFO - [2026-04-28T14:56:54.137+0000] {dagbag.py:538} INFO - Filling up the DagBag from /opt/airflow/dags/regime_pipeline_dag.py
[2026-04-28T14:56:54.168+0000] {processor.py:840} INFO - DAG(s) 'regime_pipeline' retrieved from /opt/airflow/dags/regime_pipeline_dag.py
[2026-04-28T14:56:54.190+0000] {logging_mixin.py:188} INFO - [2026-04-28T14:56:54.190+0000] {dag.py:3036} INFO - Sync 1 DAGs
[2026-04-28T14:56:54.202+0000] {logging_mixin.py:188} INFO - [2026-04-28T14:56:54.201+0000] {dag.py:3823} INFO - Setting next_dagrun for regime_pipeline to None, run_after=None
[2026-04-28T14:56:54.223+0000] {processor.py:183} INFO - Processing /opt/airflow/dags/regime_pipeline_dag.py took 0.092 seconds
[2026-04-28T14:57:25.762+0000] {processor.py:161} INFO - Started process (PID=94) to work on /opt/airflow/dags/regime_pipeline_dag.py
[2026-04-28T14:57:25.764+0000] {processor.py:830} INFO - Processing file /opt/airflow/dags/regime_pipeline_dag.py for tasks to queue
[2026-04-28T14:57:25.765+0000] {logging_mixin.py:188} INFO - [2026-04-28T14:57:25.765+0000] {dagbag.py:538} INFO - Filling up the DagBag from /opt/airflow/dags/regime_pipeline_dag.py
[2026-04-28T14:57:25.788+0000] {processor.py:840} INFO - DAG(s) 'regime_pipeline' retrieved from /opt/airflow/dags/regime_pipeline_dag.py
[2026-04-28T14:57:25.807+0000] {logging_mixin.py:188} INFO - [2026-04-28T14:57:25.807+0000] {dag.py:3036} INFO - Sync 1 DAGs
[2026-04-28T14:57:25.814+0000] {logging_mixin.py:188} INFO - [2026-04-28T14:57:25.814+0000] {dag.py:3823} INFO - Setting next_dagrun for regime_pipeline to None, run_after=None
[2026-04-28T14:57:25.833+0000] {processor.py:183} INFO - Processing /opt/airflow/dags/regime_pipeline_dag.py took 0.076 seconds
[2026-04-28T14:57:57.550+0000] {processor.py:161} INFO - Started process (PID=95) to work on /opt/airflow/dags/regime_pipeline_dag.py
[2026-04-28T14:57:57.551+0000] {processor.py:830} INFO - Processing file /opt/airflow/dags/regime_pipeline_dag.py for tasks to queue
[2026-04-28T14:57:57.552+0000] {logging_mixin.py:188} INFO - [2026-04-28T14:57:57.552+0000] {dagbag.py:538} INFO - Filling up the DagBag from /opt/airflow/dags/regime_pipeline_dag.py
[2026-04-28T14:57:57.570+0000] {processor.py:840} INFO - DAG(s) 'regime_pipeline' retrieved from /opt/airflow/dags/regime_pipeline_dag.py
[2026-04-28T14:57:57.589+0000] {logging_mixin.py:188} INFO - [2026-04-28T14:57:57.589+0000] {dag.py:3036} INFO - Sync 1 DAGs
[2026-04-28T14:57:57.598+0000] {logging_mixin.py:188} INFO - [2026-04-28T14:57:57.598+0000] {dag.py:3823} INFO - Setting next_dagrun for regime_pipeline to None, run_after=None
[2026-04-28T14:57:57.614+0000] {processor.py:183} INFO - Processing /opt/airflow/dags/regime_pipeline_dag.py took 0.068 seconds
[2026-04-28T14:58:29.266+0000] {processor.py:161} INFO - Started process (PID=96) to work on /opt/airflow/dags/regime_pipeline_dag.py
[2026-04-28T14:58:29.268+0000] {processor.py:830} INFO - Processing file /opt/airflow/dags/regime_pipeline_dag.py for tasks to queue
[2026-04-28T14:58:29.269+0000] {logging_mixin.py:188} INFO - [2026-04-28T14:58:29.268+0000] {dagbag.py:538} INFO - Filling up the DagBag from /opt/airflow/dags/regime_pipeline_dag.py
[2026-04-28T14:58:29.298+0000] {processor.py:840} INFO - DAG(s) 'regime_pipeline' retrieved from /opt/airflow/dags/regime_pipeline_dag.py
[2026-04-28T14:58:29.316+0000] {logging_mixin.py:188} INFO - [2026-04-28T14:58:29.316+0000] {dag.py:3036} INFO - Sync 1 DAGs
[2026-04-28T14:58:29.324+0000] {logging_mixin.py:188} INFO - [2026-04-28T14:58:29.323+0000] {dag.py:3823} INFO - Setting next_dagrun for regime_pipeline to None, run_after=None
[2026-04-28T14:58:29.338+0000] {processor.py:183} INFO - Processing /opt/airflow/dags/regime_pipeline_dag.py took 0.075 seconds
[2026-04-28T14:59:01.323+0000] {processor.py:161} INFO - Started process (PID=97) to work on /opt/airflow/dags/regime_pipeline_dag.py
[2026-04-28T14:59:01.324+0000] {processor.py:830} INFO - Processing file /opt/airflow/dags/regime_pipeline_dag.py for tasks to queue
[2026-04-28T14:59:01.325+0000] {logging_mixin.py:188} INFO - [2026-04-28T14:59:01.325+0000] {dagbag.py:538} INFO - Filling up the DagBag from /opt/airflow/dags/regime_pipeline_dag.py
[2026-04-28T14:59:01.340+0000] {processor.py:840} INFO - DAG(s) 'regime_pipeline' retrieved from /opt/airflow/dags/regime_pipeline_dag.py
[2026-04-28T14:59:01.356+0000] {logging_mixin.py:188} INFO - [2026-04-28T14:59:01.356+0000] {dag.py:3036} INFO - Sync 1 DAGs
[2026-04-28T14:59:01.364+0000] {logging_mixin.py:188} INFO - [2026-04-28T14:59:01.364+0000] {dag.py:3823} INFO - Setting next_dagrun for regime_pipeline to None, run_after=None
[2026-04-28T14:59:01.379+0000] {processor.py:183} INFO - Processing /opt/airflow/dags/regime_pipeline_dag.py took 0.058 seconds
[2026-04-28T14:59:31.477+0000] {processor.py:161} INFO - Started process (PID=98) to work on /opt/airflow/dags/regime_pipeline_dag.py
[2026-04-28T14:59:31.478+0000] {processor.py:830} INFO - Processing file /opt/airflow/dags/regime_pipeline_dag.py for tasks to queue
[2026-04-28T14:59:31.479+0000] {logging_mixin.py:188} INFO - [2026-04-28T14:59:31.479+0000] {dagbag.py:538} INFO - Filling up the DagBag from /opt/airflow/dags/regime_pipeline_dag.py
[2026-04-28T14:59:31.518+0000] {processor.py:840} INFO - DAG(s) 'regime_pipeline' retrieved from /opt/airflow/dags/regime_pipeline_dag.py
[2026-04-28T14:59:31.547+0000] {logging_mixin.py:188} INFO - [2026-04-28T14:59:31.547+0000] {dag.py:3036} INFO - Sync 1 DAGs
[2026-04-28T14:59:31.557+0000] {logging_mixin.py:188} INFO - [2026-04-28T14:59:31.557+0000] {dag.py:3823} INFO - Setting next_dagrun for regime_pipeline to None, run_after=None
[2026-04-28T14:59:31.578+0000] {processor.py:183} INFO - Processing /opt/airflow/dags/regime_pipeline_dag.py took 0.104 seconds
[2026-04-28T15:00:01.818+0000] {processor.py:161} INFO - Started process (PID=99) to work on /opt/airflow/dags/regime_pipeline_dag.py
[2026-04-28T15:00:01.819+0000] {processor.py:830} INFO - Processing file /opt/airflow/dags/regime_pipeline_dag.py for tasks to queue
[2026-04-28T15:00:01.820+0000] {logging_mixin.py:188} INFO - [2026-04-28T15:00:01.819+0000] {dagbag.py:538} INFO - Filling up the DagBag from /opt/airflow/dags/regime_pipeline_dag.py
[2026-04-28T15:00:01.836+0000] {processor.py:840} INFO - DAG(s) 'regime_pipeline' retrieved from /opt/airflow/dags/regime_pipeline_dag.py
[2026-04-28T15:00:01.852+0000] {logging_mixin.py:188} INFO - [2026-04-28T15:00:01.852+0000] {dag.py:3036} INFO - Sync 1 DAGs
[2026-04-28T15:00:01.861+0000] {logging_mixin.py:188} INFO - [2026-04-28T15:00:01.861+0000] {dag.py:3823} INFO - Setting next_dagrun for regime_pipeline to None, run_after=None
[2026-04-28T15:00:02.767+0000] {processor.py:183} INFO - Processing /opt/airflow/dags/regime_pipeline_dag.py took 0.074 seconds
[2026-04-28T15:00:34.365+0000] {processor.py:161} INFO - Started process (PID=100) to work on /opt/airflow/dags/regime_pipeline_dag.py
[2026-04-28T15:00:34.366+0000] {processor.py:830} INFO - Processing file /opt/airflow/dags/regime_pipeline_dag.py for tasks to queue
[2026-04-28T15:00:34.367+0000] {logging_mixin.py:188} INFO - [2026-04-28T15:00:34.366+0000] {dagbag.py:538} INFO - Filling up the DagBag from /opt/airflow/dags/regime_pipeline_dag.py
[2026-04-28T15:00:34.382+0000] {processor.py:840} INFO - DAG(s) 'regime_pipeline' retrieved from /opt/airflow/dags/regime_pipeline_dag.py
[2026-04-28T15:00:34.397+0000] {logging_mixin.py:188} INFO - [2026-04-28T15:00:34.397+0000] {dag.py:3036} INFO - Sync 1 DAGs
[2026-04-28T15:00:34.403+0000] {logging_mixin.py:188} INFO - [2026-04-28T15:00:34.403+0000] {dag.py:3823} INFO - Setting next_dagrun for regime_pipeline to None, run_after=None
[2026-04-28T15:00:34.430+0000] {processor.py:183} INFO - Processing /opt/airflow/dags/regime_pipeline_dag.py took 0.067 seconds
[2026-04-28T15:01:05.867+0000] {processor.py:161} INFO - Started process (PID=101) to work on /opt/airflow/dags/regime_pipeline_dag.py
[2026-04-28T15:01:05.868+0000] {processor.py:830} INFO - Processing file /opt/airflow/dags/regime_pipeline_dag.py for tasks to queue
[2026-04-28T15:01:05.869+0000] {logging_mixin.py:188} INFO - [2026-04-28T15:01:05.869+0000] {dagbag.py:538} INFO - Filling up the DagBag from /opt/airflow/dags/regime_pipeline_dag.py
[2026-04-28T15:01:05.887+0000] {processor.py:840} INFO - DAG(s) 'regime_pipeline' retrieved from /opt/airflow/dags/regime_pipeline_dag.py
[2026-04-28T15:01:05.908+0000] {logging_mixin.py:188} INFO - [2026-04-28T15:01:05.908+0000] {dag.py:3036} INFO - Sync 1 DAGs
[2026-04-28T15:01:05.917+0000] {logging_mixin.py:188} INFO - [2026-04-28T15:01:05.917+0000] {dag.py:3823} INFO - Setting next_dagrun for regime_pipeline to None, run_after=None
[2026-04-28T15:01:05.936+0000] {processor.py:183} INFO - Processing /opt/airflow/dags/regime_pipeline_dag.py took 0.072 seconds
[2026-04-28T15:01:37.419+0000] {processor.py:161} INFO - Started process (PID=102) to work on /opt/airflow/dags/regime_pipeline_dag.py
[2026-04-28T15:01:37.420+0000] {processor.py:830} INFO - Processing file /opt/airflow/dags/regime_pipeline_dag.py for tasks to queue
[2026-04-28T15:01:37.421+0000] {logging_mixin.py:188} INFO - [2026-04-28T15:01:37.421+0000] {dagbag.py:538} INFO - Filling up the DagBag from /opt/airflow/dags/regime_pipeline_dag.py
[2026-04-28T15:01:37.437+0000] {processor.py:840} INFO - DAG(s) 'regime_pipeline' retrieved from /opt/airflow/dags/regime_pipeline_dag.py
[2026-04-28T15:01:37.456+0000] {logging_mixin.py:188} INFO - [2026-04-28T15:01:37.456+0000] {dag.py:3036} INFO - Sync 1 DAGs
[2026-04-28T15:01:37.465+0000] {logging_mixin.py:188} INFO - [2026-04-28T15:01:37.464+0000] {dag.py:3823} INFO - Setting next_dagrun for regime_pipeline to None, run_after=None
[2026-04-28T15:01:37.482+0000] {processor.py:183} INFO - Processing /opt/airflow/dags/regime_pipeline_dag.py took 0.066 seconds
[2026-04-28T15:02:09.034+0000] {processor.py:161} INFO - Started process (PID=103) to work on /opt/airflow/dags/regime_pipeline_dag.py
[2026-04-28T15:02:09.035+0000] {processor.py:830} INFO - Processing file /opt/airflow/dags/regime_pipeline_dag.py for tasks to queue
[2026-04-28T15:02:09.036+0000] {logging_mixin.py:188} INFO - [2026-04-28T15:02:09.036+0000] {dagbag.py:538} INFO - Filling up the DagBag from /opt/airflow/dags/regime_pipeline_dag.py
[2026-04-28T15:02:09.055+0000] {processor.py:840} INFO - DAG(s) 'regime_pipeline' retrieved from /opt/airflow/dags/regime_pipeline_dag.py
[2026-04-28T15:02:09.078+0000] {logging_mixin.py:188} INFO - [2026-04-28T15:02:09.078+0000] {dag.py:3036} INFO - Sync 1 DAGs
[2026-04-28T15:02:09.085+0000] {logging_mixin.py:188} INFO - [2026-04-28T15:02:09.085+0000] {dag.py:3823} INFO - Setting next_dagrun for regime_pipeline to None, run_after=None
[2026-04-28T15:02:09.117+0000] {processor.py:183} INFO - Processing /opt/airflow/dags/regime_pipeline_dag.py took 0.087 seconds
[2026-04-28T15:02:40.667+0000] {processor.py:161} INFO - Started process (PID=104) to work on /opt/airflow/dags/regime_pipeline_dag.py
[2026-04-28T15:02:40.669+0000] {processor.py:830} INFO - Processing file /opt/airflow/dags/regime_pipeline_dag.py for tasks to queue
[2026-04-28T15:02:40.670+0000] {logging_mixin.py:188} INFO - [2026-04-28T15:02:40.670+0000] {dagbag.py:538} INFO - Filling up the DagBag from /opt/airflow/dags/regime_pipeline_dag.py
[2026-04-28T15:02:40.691+0000] {processor.py:840} INFO - DAG(s) 'regime_pipeline' retrieved from /opt/airflow/dags/regime_pipeline_dag.py
[2026-04-28T15:02:40.716+0000] {logging_mixin.py:188} INFO - [2026-04-28T15:02:40.715+0000] {dag.py:3036} INFO - Sync 1 DAGs
[2026-04-28T15:02:40.724+0000] {logging_mixin.py:188} INFO - [2026-04-28T15:02:40.724+0000] {dag.py:3823} INFO - Setting next_dagrun for regime_pipeline to None, run_after=None
[2026-04-28T15:02:40.755+0000] {processor.py:183} INFO - Processing /opt/airflow/dags/regime_pipeline_dag.py took 0.091 seconds
[2026-04-28T15:03:12.176+0000] {processor.py:161} INFO - Started process (PID=105) to work on /opt/airflow/dags/regime_pipeline_dag.py
[2026-04-28T15:03:12.177+0000] {processor.py:830} INFO - Processing file /opt/airflow/dags/regime_pipeline_dag.py for tasks to queue
[2026-04-28T15:03:12.178+0000] {logging_mixin.py:188} INFO - [2026-04-28T15:03:12.177+0000] {dagbag.py:538} INFO - Filling up the DagBag from /opt/airflow/dags/regime_pipeline_dag.py
[2026-04-28T15:03:12.194+0000] {processor.py:840} INFO - DAG(s) 'regime_pipeline' retrieved from /opt/airflow/dags/regime_pipeline_dag.py
[2026-04-28T15:03:12.213+0000] {logging_mixin.py:188} INFO - [2026-04-28T15:03:12.213+0000] {dag.py:3036} INFO - Sync 1 DAGs
[2026-04-28T15:03:12.222+0000] {logging_mixin.py:188} INFO - [2026-04-28T15:03:12.222+0000] {dag.py:3823} INFO - Setting next_dagrun for regime_pipeline to None, run_after=None
[2026-04-28T15:03:12.240+0000] {processor.py:183} INFO - Processing /opt/airflow/dags/regime_pipeline_dag.py took 0.067 seconds
[2026-04-28T15:03:43.766+0000] {processor.py:161} INFO - Started process (PID=106) to work on /opt/airflow/dags/regime_pipeline_dag.py
[2026-04-28T15:03:43.767+0000] {processor.py:830} INFO - Processing file /opt/airflow/dags/regime_pipeline_dag.py for tasks to queue
[2026-04-28T15:03:43.769+0000] {logging_mixin.py:188} INFO - [2026-04-28T15:03:43.768+0000] {dagbag.py:538} INFO - Filling up the DagBag from /opt/airflow/dags/regime_pipeline_dag.py
[2026-04-28T15:03:43.787+0000] {processor.py:840} INFO - DAG(s) 'regime_pipeline' retrieved from /opt/airflow/dags/regime_pipeline_dag.py
[2026-04-28T15:03:43.806+0000] {logging_mixin.py:188} INFO - [2026-04-28T15:03:43.806+0000] {dag.py:3036} INFO - Sync 1 DAGs
[2026-04-28T15:03:43.815+0000] {logging_mixin.py:188} INFO - [2026-04-28T15:03:43.815+0000] {dag.py:3823} INFO - Setting next_dagrun for regime_pipeline to None, run_after=None
[2026-04-28T15:03:43.845+0000] {processor.py:183} INFO - Processing /opt/airflow/dags/regime_pipeline_dag.py took 0.082 seconds
[2026-04-28T15:04:15.339+0000] {processor.py:161} INFO - Started process (PID=108) to work on /opt/airflow/dags/regime_pipeline_dag.py
[2026-04-28T15:04:15.340+0000] {processor.py:830} INFO - Processing file /opt/airflow/dags/regime_pipeline_dag.py for tasks to queue
[2026-04-28T15:04:15.341+0000] {logging_mixin.py:188} INFO - [2026-04-28T15:04:15.341+0000] {dagbag.py:538} INFO - Filling up the DagBag from /opt/airflow/dags/regime_pipeline_dag.py
[2026-04-28T15:04:15.356+0000] {processor.py:840} INFO - DAG(s) 'regime_pipeline' retrieved from /opt/airflow/dags/regime_pipeline_dag.py
[2026-04-28T15:04:15.373+0000] {logging_mixin.py:188} INFO - [2026-04-28T15:04:15.373+0000] {dag.py:3036} INFO - Sync 1 DAGs
[2026-04-28T15:04:15.381+0000] {logging_mixin.py:188} INFO - [2026-04-28T15:04:15.381+0000] {dag.py:3823} INFO - Setting next_dagrun for regime_pipeline to None, run_after=None
[2026-04-28T15:04:15.394+0000] {processor.py:183} INFO - Processing /opt/airflow/dags/regime_pipeline_dag.py took 0.058 seconds
[2026-04-28T15:04:46.938+0000] {processor.py:161} INFO - Started process (PID=109) to work on /opt/airflow/dags/regime_pipeline_dag.py
[2026-04-28T15:04:46.940+0000] {processor.py:830} INFO - Processing file /opt/airflow/dags/regime_pipeline_dag.py for tasks to queue
[2026-04-28T15:04:46.941+0000] {logging_mixin.py:188} INFO - [2026-04-28T15:04:46.940+0000] {dagbag.py:538} INFO - Filling up the DagBag from /opt/airflow/dags/regime_pipeline_dag.py
[2026-04-28T15:04:46.959+0000] {processor.py:840} INFO - DAG(s) 'regime_pipeline' retrieved from /opt/airflow/dags/regime_pipeline_dag.py
[2026-04-28T15:04:46.977+0000] {logging_mixin.py:188} INFO - [2026-04-28T15:04:46.977+0000] {dag.py:3036} INFO - Sync 1 DAGs
[2026-04-28T15:04:46.985+0000] {logging_mixin.py:188} INFO - [2026-04-28T15:04:46.984+0000] {dag.py:3823} INFO - Setting next_dagrun for regime_pipeline to None, run_after=None
[2026-04-28T15:04:47.001+0000] {processor.py:183} INFO - Processing /opt/airflow/dags/regime_pipeline_dag.py took 0.065 seconds
