[2026-04-28T17:00:42.423+0000] {taskinstance.py:1956} INFO - Dependencies all met for dep_context=non-requeueable deps ti=<TaskInstance: regime_pipeline.train_models manual__2026-04-28T17:00:34.712470+00:00 [queued]>
[2026-04-28T17:00:42.429+0000] {taskinstance.py:1956} INFO - Dependencies all met for dep_context=requeueable deps ti=<TaskInstance: regime_pipeline.train_models manual__2026-04-28T17:00:34.712470+00:00 [queued]>
[2026-04-28T17:00:42.429+0000] {taskinstance.py:2170} INFO - Starting attempt 1 of 1
[2026-04-28T17:00:42.441+0000] {taskinstance.py:2191} INFO - Executing <Task(BashOperator): train_models> on 2026-04-28 17:00:34.712470+00:00
[2026-04-28T17:00:42.447+0000] {standard_task_runner.py:60} INFO - Started process 142 to run task
[2026-04-28T17:00:42.450+0000] {standard_task_runner.py:87} INFO - Running: ['airflow', 'tasks', 'run', 'regime_pipeline', 'train_models', 'manual__2026-04-28T17:00:34.712470+00:00', '--job-id', '4', '--raw', '--subdir', 'DAGS_FOLDER/regime_pipeline_dag.py', '--cfg-path', '/tmp/tmp2jt7q5ok']
[2026-04-28T17:00:42.452+0000] {standard_task_runner.py:88} INFO - Job 4: Subtask train_models
[2026-04-28T17:00:42.494+0000] {task_command.py:423} INFO - Running <TaskInstance: regime_pipeline.train_models manual__2026-04-28T17:00:34.712470+00:00 [running]> on host 120020edd19a
[2026-04-28T17:00:42.535+0000] {taskinstance.py:2480} INFO - Exporting env vars: AIRFLOW_CTX_DAG_OWNER='airflow' AIRFLOW_CTX_DAG_ID='regime_pipeline' AIRFLOW_CTX_TASK_ID='train_models' AIRFLOW_CTX_EXECUTION_DATE='2026-04-28T17:00:34.712470+00:00' AIRFLOW_CTX_TRY_NUMBER='1' AIRFLOW_CTX_DAG_RUN_ID='manual__2026-04-28T17:00:34.712470+00:00'
[2026-04-28T17:00:42.536+0000] {subprocess.py:63} INFO - Tmp dir root location: /tmp
[2026-04-28T17:00:42.537+0000] {subprocess.py:75} INFO - Running command: ['/usr/bin/bash', '-c', 'python src/train.py']
[2026-04-28T17:00:42.546+0000] {subprocess.py:86} INFO - Output:
[2026-04-28T17:00:42.562+0000] {subprocess.py:93} INFO - python: can't open file '/tmp/airflowtmptg1b8dbn/src/train.py': [Errno 2] No such file or directory
[2026-04-28T17:00:42.564+0000] {subprocess.py:97} INFO - Command exited with return code 2
[2026-04-28T17:00:42.571+0000] {taskinstance.py:2698} ERROR - Task failed with exception
Traceback (most recent call last):
  File "/home/airflow/.local/lib/python3.10/site-packages/airflow/models/taskinstance.py", line 433, in _execute_task
    result = execute_callable(context=context, **execute_callable_kwargs)
  File "/home/airflow/.local/lib/python3.10/site-packages/airflow/operators/bash.py", line 212, in execute
    raise AirflowException(
airflow.exceptions.AirflowException: Bash command failed. The command returned a non-zero exit code 2.
[2026-04-28T17:00:42.573+0000] {taskinstance.py:1138} INFO - Marking task as FAILED. dag_id=regime_pipeline, task_id=train_models, execution_date=20260428T170034, start_date=20260428T170042, end_date=20260428T170042
[2026-04-28T17:00:42.580+0000] {standard_task_runner.py:107} ERROR - Failed to execute job 4 for task train_models (Bash command failed. The command returned a non-zero exit code 2.; 142)
[2026-04-28T17:00:42.622+0000] {local_task_job_runner.py:234} INFO - Task exited with return code 1
[2026-04-28T17:00:42.630+0000] {taskinstance.py:3280} INFO - 0 downstream tasks scheduled from follow-on schedule check
