[2026-04-28T14:08:23.263+0000] {manager.py:469} INFO - Processing files using up to 1 processes at a time 
[2026-04-28T14:08:23.264+0000] {manager.py:470} INFO - Process each file at most once every 30 seconds
[2026-04-28T14:08:23.265+0000] {manager.py:471} INFO - Checking for new files in /opt/airflow/dags every 300 seconds
[2026-04-28T14:08:23.266+0000] {manager.py:738} INFO - Searching for files in /opt/airflow/dags
[2026-04-28T14:08:23.280+0000] {manager.py:741} INFO - There are 1 files in /opt/airflow/dags
[2026-04-28T14:08:23.741+0000] {manager.py:879} INFO - 
================================================================================
DAG File Processing Stats

File Path                                 PID    Runtime      # DAGs    # Errors  Last Runtime    Last Run
----------------------------------------  -----  ---------  --------  ----------  --------------  -------------------
/opt/airflow/dags/regime_pipeline_dag.py                           1           0  0.42s           2026-04-28T14:08:23
================================================================================
[2026-04-28T14:08:55.905+0000] {manager.py:879} INFO - 
================================================================================
DAG File Processing Stats

File Path                                 PID    Runtime      # DAGs    # Errors  Last Runtime    Last Run
----------------------------------------  -----  ---------  --------  ----------  --------------  -------------------
/opt/airflow/dags/regime_pipeline_dag.py                           1           0  0.11s           2026-04-28T14:08:54
================================================================================
[2026-04-28T14:09:26.801+0000] {manager.py:879} INFO - 
================================================================================
DAG File Processing Stats

File Path                                 PID    Runtime      # DAGs    # Errors  Last Runtime    Last Run
----------------------------------------  -----  ---------  --------  ----------  --------------  -------------------
/opt/airflow/dags/regime_pipeline_dag.py                           1           0  0.11s           2026-04-28T14:09:24
================================================================================
[2026-04-28T14:09:57.987+0000] {manager.py:879} INFO - 
================================================================================
DAG File Processing Stats

File Path                                 PID    Runtime      # DAGs    # Errors  Last Runtime    Last Run
----------------------------------------  -----  ---------  --------  ----------  --------------  -------------------
/opt/airflow/dags/regime_pipeline_dag.py                           1           0  0.21s           2026-04-28T14:09:55
================================================================================
[2026-04-28T14:10:29.174+0000] {manager.py:879} INFO - 
================================================================================
DAG File Processing Stats

File Path                                 PID    Runtime      # DAGs    # Errors  Last Runtime    Last Run
----------------------------------------  -----  ---------  --------  ----------  --------------  -------------------
/opt/airflow/dags/regime_pipeline_dag.py                           1           0  0.11s           2026-04-28T14:10:26
================================================================================
[2026-04-28T14:11:00.323+0000] {manager.py:879} INFO - 
================================================================================
DAG File Processing Stats

File Path                                 PID    Runtime      # DAGs    # Errors  Last Runtime    Last Run
----------------------------------------  -----  ---------  --------  ----------  --------------  -------------------
/opt/airflow/dags/regime_pipeline_dag.py                           1           0  0.11s           2026-04-28T14:10:56
================================================================================
[2026-04-28T14:11:31.453+0000] {manager.py:879} INFO - 
================================================================================
DAG File Processing Stats

File Path                                 PID    Runtime      # DAGs    # Errors  Last Runtime    Last Run
----------------------------------------  -----  ---------  --------  ----------  --------------  -------------------
/opt/airflow/dags/regime_pipeline_dag.py                           1           0  0.10s           2026-04-28T14:11:27
================================================================================
[2026-04-28T14:12:02.686+0000] {manager.py:879} INFO - 
================================================================================
DAG File Processing Stats

File Path                                 PID    Runtime      # DAGs    # Errors  Last Runtime    Last Run
----------------------------------------  -----  ---------  --------  ----------  --------------  -------------------
/opt/airflow/dags/regime_pipeline_dag.py                           1           0  0.11s           2026-04-28T14:11:57
================================================================================
[2026-04-28T14:12:34.024+0000] {manager.py:879} INFO - 
================================================================================
DAG File Processing Stats

File Path                                 PID    Runtime      # DAGs    # Errors  Last Runtime    Last Run
----------------------------------------  -----  ---------  --------  ----------  --------------  -------------------
/opt/airflow/dags/regime_pipeline_dag.py                           1           0  0.11s           2026-04-28T14:12:27
================================================================================
[2026-04-28T14:13:05.247+0000] {manager.py:879} INFO - 
================================================================================
DAG File Processing Stats

File Path                                 PID    Runtime      # DAGs    # Errors  Last Runtime    Last Run
----------------------------------------  -----  ---------  --------  ----------  --------------  -------------------
/opt/airflow/dags/regime_pipeline_dag.py                           1           0  0.10s           2026-04-28T14:12:58
================================================================================
[2026-04-28T14:13:23.425+0000] {manager.py:738} INFO - Searching for files in /opt/airflow/dags
[2026-04-28T14:13:23.445+0000] {manager.py:741} INFO - There are 1 files in /opt/airflow/dags
[2026-04-28T14:13:36.928+0000] {manager.py:879} INFO - 
================================================================================
DAG File Processing Stats

File Path                                 PID    Runtime      # DAGs    # Errors  Last Runtime    Last Run
----------------------------------------  -----  ---------  --------  ----------  --------------  -------------------
/opt/airflow/dags/regime_pipeline_dag.py                           1           0  0.11s           2026-04-28T14:13:28
================================================================================
[2026-04-28T14:14:08.941+0000] {manager.py:879} INFO - 
================================================================================
DAG File Processing Stats

File Path                                 PID    Runtime      # DAGs    # Errors  Last Runtime    Last Run
----------------------------------------  -----  ---------  --------  ----------  --------------  -------------------
/opt/airflow/dags/regime_pipeline_dag.py                           1           0  0.11s           2026-04-28T14:13:58
================================================================================
[2026-04-28T14:14:40.177+0000] {manager.py:879} INFO - 
================================================================================
DAG File Processing Stats

File Path                                 PID    Runtime      # DAGs    # Errors  Last Runtime    Last Run
----------------------------------------  -----  ---------  --------  ----------  --------------  -------------------
/opt/airflow/dags/regime_pipeline_dag.py                           1           0  0.11s           2026-04-28T14:14:29
================================================================================
[2026-04-28T14:15:11.532+0000] {manager.py:879} INFO - 
================================================================================
DAG File Processing Stats

File Path                                 PID    Runtime      # DAGs    # Errors  Last Runtime    Last Run
----------------------------------------  -----  ---------  --------  ----------  --------------  -------------------
/opt/airflow/dags/regime_pipeline_dag.py                           1           0  0.11s           2026-04-28T14:14:59
================================================================================
[2026-04-28T14:15:42.869+0000] {manager.py:879} INFO - 
================================================================================
DAG File Processing Stats

File Path                                 PID    Runtime      # DAGs    # Errors  Last Runtime    Last Run
----------------------------------------  -----  ---------  --------  ----------  --------------  -------------------
/opt/airflow/dags/regime_pipeline_dag.py                           1           0  0.11s           2026-04-28T14:15:29
================================================================================
[2026-04-28T14:16:14.062+0000] {manager.py:879} INFO - 
================================================================================
DAG File Processing Stats

File Path                                 PID    Runtime      # DAGs    # Errors  Last Runtime    Last Run
----------------------------------------  -----  ---------  --------  ----------  --------------  -------------------
/opt/airflow/dags/regime_pipeline_dag.py                           1           0  0.11s           2026-04-28T14:16:00
================================================================================
[2026-04-28T14:16:45.304+0000] {manager.py:879} INFO - 
================================================================================
DAG File Processing Stats

File Path                                 PID    Runtime      # DAGs    # Errors  Last Runtime    Last Run
----------------------------------------  -----  ---------  --------  ----------  --------------  -------------------
/opt/airflow/dags/regime_pipeline_dag.py                           1           0  0.10s           2026-04-28T14:16:30
================================================================================
[2026-04-28T14:17:16.656+0000] {manager.py:879} INFO - 
================================================================================
DAG File Processing Stats

File Path                                 PID    Runtime      # DAGs    # Errors  Last Runtime    Last Run
----------------------------------------  -----  ---------  --------  ----------  --------------  -------------------
/opt/airflow/dags/regime_pipeline_dag.py                           1           0  0.11s           2026-04-28T14:17:00
================================================================================
[2026-04-28T14:17:48.249+0000] {manager.py:879} INFO - 
================================================================================
DAG File Processing Stats

File Path                                 PID    Runtime      # DAGs    # Errors  Last Runtime    Last Run
----------------------------------------  -----  ---------  --------  ----------  --------------  -------------------
/opt/airflow/dags/regime_pipeline_dag.py                           1           0  0.11s           2026-04-28T14:17:30
================================================================================
[2026-04-28T14:18:19.555+0000] {manager.py:879} INFO - 
================================================================================
DAG File Processing Stats

File Path                                 PID    Runtime      # DAGs    # Errors  Last Runtime    Last Run
----------------------------------------  -----  ---------  --------  ----------  --------------  -------------------
/opt/airflow/dags/regime_pipeline_dag.py                           1           0  0.11s           2026-04-28T14:18:01
================================================================================
[2026-04-28T14:18:23.554+0000] {manager.py:738} INFO - Searching for files in /opt/airflow/dags
[2026-04-28T14:18:23.570+0000] {manager.py:741} INFO - There are 1 files in /opt/airflow/dags
[2026-04-28T14:18:50.933+0000] {manager.py:879} INFO - 
================================================================================
DAG File Processing Stats

File Path                                 PID    Runtime      # DAGs    # Errors  Last Runtime    Last Run
----------------------------------------  -----  ---------  --------  ----------  --------------  -------------------
/opt/airflow/dags/regime_pipeline_dag.py                           1           0  0.11s           2026-04-28T14:18:31
================================================================================
[2026-04-28T14:19:22.445+0000] {manager.py:879} INFO - 
================================================================================
DAG File Processing Stats

File Path                                 PID    Runtime      # DAGs    # Errors  Last Runtime    Last Run
----------------------------------------  -----  ---------  --------  ----------  --------------  -------------------
/opt/airflow/dags/regime_pipeline_dag.py                           1           0  0.21s           2026-04-28T14:19:02
================================================================================
[2026-04-28T14:19:53.905+0000] {manager.py:879} INFO - 
================================================================================
DAG File Processing Stats

File Path                                 PID    Runtime      # DAGs    # Errors  Last Runtime    Last Run
----------------------------------------  -----  ---------  --------  ----------  --------------  -------------------
/opt/airflow/dags/regime_pipeline_dag.py                           1           0  0.11s           2026-04-28T14:19:32
================================================================================
[2026-04-28T14:20:25.211+0000] {manager.py:879} INFO - 
================================================================================
DAG File Processing Stats

File Path                                 PID    Runtime      # DAGs    # Errors  Last Runtime    Last Run
----------------------------------------  -----  ---------  --------  ----------  --------------  -------------------
/opt/airflow/dags/regime_pipeline_dag.py                           1           0  0.10s           2026-04-28T14:20:02
================================================================================
[2026-04-28T14:20:56.611+0000] {manager.py:879} INFO - 
================================================================================
DAG File Processing Stats

File Path                                 PID    Runtime      # DAGs    # Errors  Last Runtime    Last Run
----------------------------------------  -----  ---------  --------  ----------  --------------  -------------------
/opt/airflow/dags/regime_pipeline_dag.py                           1           0  0.11s           2026-04-28T14:20:33
================================================================================
[2026-04-28T14:21:28.048+0000] {manager.py:879} INFO - 
================================================================================
DAG File Processing Stats

File Path                                 PID    Runtime      # DAGs    # Errors  Last Runtime    Last Run
----------------------------------------  -----  ---------  --------  ----------  --------------  -------------------
/opt/airflow/dags/regime_pipeline_dag.py                           1           0  0.11s           2026-04-28T14:21:03
================================================================================
[2026-04-28T14:21:59.472+0000] {manager.py:879} INFO - 
================================================================================
DAG File Processing Stats

File Path                                 PID    Runtime      # DAGs    # Errors  Last Runtime    Last Run
----------------------------------------  -----  ---------  --------  ----------  --------------  -------------------
/opt/airflow/dags/regime_pipeline_dag.py                           1           0  0.11s           2026-04-28T14:21:34
================================================================================
[2026-04-28T14:22:30.865+0000] {manager.py:879} INFO - 
================================================================================
DAG File Processing Stats

File Path                                 PID    Runtime      # DAGs    # Errors  Last Runtime    Last Run
----------------------------------------  -----  ---------  --------  ----------  --------------  -------------------
/opt/airflow/dags/regime_pipeline_dag.py                           1           0  0.11s           2026-04-28T14:22:04
================================================================================
[2026-04-28T14:23:02.355+0000] {manager.py:879} INFO - 
================================================================================
DAG File Processing Stats

File Path                                 PID    Runtime      # DAGs    # Errors  Last Runtime    Last Run
----------------------------------------  -----  ---------  --------  ----------  --------------  -------------------
/opt/airflow/dags/regime_pipeline_dag.py                           1           0  0.10s           2026-04-28T14:22:34
================================================================================
[2026-04-28T14:23:24.508+0000] {manager.py:738} INFO - Searching for files in /opt/airflow/dags
[2026-04-28T14:23:24.522+0000] {manager.py:741} INFO - There are 1 files in /opt/airflow/dags
[2026-04-28T14:23:33.752+0000] {manager.py:879} INFO - 
================================================================================
DAG File Processing Stats

File Path                                 PID    Runtime      # DAGs    # Errors  Last Runtime    Last Run
----------------------------------------  -----  ---------  --------  ----------  --------------  -------------------
/opt/airflow/dags/regime_pipeline_dag.py                           1           0  0.11s           2026-04-28T14:23:05
================================================================================
[2026-04-28T14:24:05.383+0000] {manager.py:879} INFO - 
================================================================================
DAG File Processing Stats

File Path                                 PID    Runtime      # DAGs    # Errors  Last Runtime    Last Run
----------------------------------------  -----  ---------  --------  ----------  --------------  -------------------
/opt/airflow/dags/regime_pipeline_dag.py                           1           0  0.10s           2026-04-28T14:23:35
================================================================================
[2026-04-28T14:24:36.938+0000] {manager.py:879} INFO - 
================================================================================
DAG File Processing Stats

File Path                                 PID    Runtime      # DAGs    # Errors  Last Runtime    Last Run
----------------------------------------  -----  ---------  --------  ----------  --------------  -------------------
/opt/airflow/dags/regime_pipeline_dag.py                           1           0  0.21s           2026-04-28T14:24:36
================================================================================
[2026-04-28T14:25:08.341+0000] {manager.py:879} INFO - 
================================================================================
DAG File Processing Stats

File Path                                 PID    Runtime      # DAGs    # Errors  Last Runtime    Last Run
----------------------------------------  -----  ---------  --------  ----------  --------------  -------------------
/opt/airflow/dags/regime_pipeline_dag.py                           1           0  0.21s           2026-04-28T14:25:07
================================================================================
[2026-04-28T14:25:39.806+0000] {manager.py:879} INFO - 
================================================================================
DAG File Processing Stats

File Path                                 PID    Runtime      # DAGs    # Errors  Last Runtime    Last Run
----------------------------------------  -----  ---------  --------  ----------  --------------  -------------------
/opt/airflow/dags/regime_pipeline_dag.py                           1           0  0.11s           2026-04-28T14:25:38
================================================================================
[2026-04-28T14:26:11.318+0000] {manager.py:879} INFO - 
================================================================================
DAG File Processing Stats

File Path                                 PID    Runtime      # DAGs    # Errors  Last Runtime    Last Run
----------------------------------------  -----  ---------  --------  ----------  --------------  -------------------
/opt/airflow/dags/regime_pipeline_dag.py                           1           0  0.11s           2026-04-28T14:26:08
================================================================================
[2026-04-28T14:26:42.714+0000] {manager.py:879} INFO - 
================================================================================
DAG File Processing Stats

File Path                                 PID    Runtime      # DAGs    # Errors  Last Runtime    Last Run
----------------------------------------  -----  ---------  --------  ----------  --------------  -------------------
/opt/airflow/dags/regime_pipeline_dag.py                           1           0  0.11s           2026-04-28T14:26:38
================================================================================
[2026-04-28T14:27:14.161+0000] {manager.py:879} INFO - 
================================================================================
DAG File Processing Stats

File Path                                 PID    Runtime      # DAGs    # Errors  Last Runtime    Last Run
----------------------------------------  -----  ---------  --------  ----------  --------------  -------------------
/opt/airflow/dags/regime_pipeline_dag.py                           1           0  0.11s           2026-04-28T14:27:09
================================================================================
[2026-04-28T14:27:45.819+0000] {manager.py:879} INFO - 
================================================================================
DAG File Processing Stats

File Path                                 PID    Runtime      # DAGs    # Errors  Last Runtime    Last Run
----------------------------------------  -----  ---------  --------  ----------  --------------  -------------------
/opt/airflow/dags/regime_pipeline_dag.py                           1           0  0.11s           2026-04-28T14:27:40
================================================================================
[2026-04-28T14:28:17.438+0000] {manager.py:879} INFO - 
================================================================================
DAG File Processing Stats

File Path                                 PID    Runtime      # DAGs    # Errors  Last Runtime    Last Run
----------------------------------------  -----  ---------  --------  ----------  --------------  -------------------
/opt/airflow/dags/regime_pipeline_dag.py                           1           0  0.11s           2026-04-28T14:28:12
================================================================================
[2026-04-28T14:28:24.560+0000] {manager.py:738} INFO - Searching for files in /opt/airflow/dags
[2026-04-28T14:28:24.575+0000] {manager.py:741} INFO - There are 1 files in /opt/airflow/dags
[2026-04-28T14:28:48.858+0000] {manager.py:879} INFO - 
================================================================================
DAG File Processing Stats

File Path                                 PID    Runtime      # DAGs    # Errors  Last Runtime    Last Run
----------------------------------------  -----  ---------  --------  ----------  --------------  -------------------
/opt/airflow/dags/regime_pipeline_dag.py                           1           0  0.10s           2026-04-28T14:28:43
================================================================================
[2026-04-28T14:29:20.412+0000] {manager.py:879} INFO - 
================================================================================
DAG File Processing Stats

File Path                                 PID    Runtime      # DAGs    # Errors  Last Runtime    Last Run
----------------------------------------  -----  ---------  --------  ----------  --------------  -------------------
/opt/airflow/dags/regime_pipeline_dag.py                           1           0  0.11s           2026-04-28T14:29:15
================================================================================
[2026-04-28T14:29:52.094+0000] {manager.py:879} INFO - 
================================================================================
DAG File Processing Stats

File Path                                 PID    Runtime      # DAGs    # Errors  Last Runtime    Last Run
----------------------------------------  -----  ---------  --------  ----------  --------------  -------------------
/opt/airflow/dags/regime_pipeline_dag.py                           1           0  0.11s           2026-04-28T14:29:46
================================================================================
[2026-04-28T14:29:58.835+0000] {manager.py:451} INFO - Exiting gracefully upon receiving signal 15
[2026-04-28T14:43:29.771+0000] {manager.py:469} INFO - Processing files using up to 1 processes at a time 
[2026-04-28T14:43:29.772+0000] {manager.py:470} INFO - Process each file at most once every 30 seconds
[2026-04-28T14:43:29.773+0000] {manager.py:471} INFO - Checking for new files in /opt/airflow/dags every 300 seconds
[2026-04-28T14:43:29.774+0000] {manager.py:738} INFO - Searching for files in /opt/airflow/dags
[2026-04-28T14:43:29.789+0000] {manager.py:741} INFO - There are 1 files in /opt/airflow/dags
[2026-04-28T14:43:30.139+0000] {manager.py:879} INFO - 
================================================================================
DAG File Processing Stats

File Path                                 PID    Runtime      # DAGs    # Errors  Last Runtime    Last Run
----------------------------------------  -----  ---------  --------  ----------  --------------  -------------------
/opt/airflow/dags/regime_pipeline_dag.py                           1           0  0.31s           2026-04-28T14:43:30
================================================================================
[2026-04-28T14:44:02.452+0000] {manager.py:879} INFO - 
================================================================================
DAG File Processing Stats

File Path                                 PID    Runtime      # DAGs    # Errors  Last Runtime    Last Run
----------------------------------------  -----  ---------  --------  ----------  --------------  -------------------
/opt/airflow/dags/regime_pipeline_dag.py                           1           0  0.10s           2026-04-28T14:44:00
================================================================================
[2026-04-28T14:44:32.255+0000] {manager.py:451} INFO - Exiting gracefully upon receiving signal 15
[2026-04-28T14:45:24.349+0000] {manager.py:469} INFO - Processing files using up to 1 processes at a time 
[2026-04-28T14:45:24.350+0000] {manager.py:470} INFO - Process each file at most once every 30 seconds
[2026-04-28T14:45:24.351+0000] {manager.py:471} INFO - Checking for new files in /opt/airflow/dags every 300 seconds
[2026-04-28T14:45:24.352+0000] {manager.py:738} INFO - Searching for files in /opt/airflow/dags
[2026-04-28T14:45:24.366+0000] {manager.py:741} INFO - There are 1 files in /opt/airflow/dags
[2026-04-28T14:45:24.731+0000] {manager.py:879} INFO - 
================================================================================
DAG File Processing Stats

File Path                                 PID    Runtime      # DAGs    # Errors  Last Runtime    Last Run
----------------------------------------  -----  ---------  --------  ----------  --------------  -------------------
/opt/airflow/dags/regime_pipeline_dag.py                           1           0  0.31s           2026-04-28T14:45:24
================================================================================
[2026-04-28T14:45:56.184+0000] {manager.py:879} INFO - 
================================================================================
DAG File Processing Stats

File Path                                 PID    Runtime      # DAGs    # Errors  Last Runtime    Last Run
----------------------------------------  -----  ---------  --------  ----------  --------------  -------------------
/opt/airflow/dags/regime_pipeline_dag.py                           1           0  0.11s           2026-04-28T14:45:55
================================================================================
[2026-04-28T14:46:28.552+0000] {manager.py:879} INFO - 
================================================================================
DAG File Processing Stats

File Path                                 PID    Runtime      # DAGs    # Errors  Last Runtime    Last Run
----------------------------------------  -----  ---------  --------  ----------  --------------  -------------------
/opt/airflow/dags/regime_pipeline_dag.py                           1           0  0.11s           2026-04-28T14:46:25
================================================================================
[2026-04-28T14:46:48.687+0000] {manager.py:451} INFO - Exiting gracefully upon receiving signal 15
[2026-04-28T14:48:42.435+0000] {manager.py:469} INFO - Processing files using up to 1 processes at a time 
[2026-04-28T14:48:42.436+0000] {manager.py:470} INFO - Process each file at most once every 30 seconds
[2026-04-28T14:48:42.437+0000] {manager.py:471} INFO - Checking for new files in /opt/airflow/dags every 300 seconds
[2026-04-28T14:48:42.438+0000] {manager.py:738} INFO - Searching for files in /opt/airflow/dags
[2026-04-28T14:48:42.453+0000] {manager.py:741} INFO - There are 1 files in /opt/airflow/dags
[2026-04-28T14:48:42.600+0000] {manager.py:879} INFO - 
================================================================================
DAG File Processing Stats

File Path                                 PID    Runtime      # DAGs    # Errors  Last Runtime    Last Run
----------------------------------------  -----  ---------  --------  ----------  --------------  -------------------
/opt/airflow/dags/regime_pipeline_dag.py                           1           0  0.11s           2026-04-28T14:48:42
================================================================================
[2026-04-28T14:49:15.031+0000] {manager.py:879} INFO - 
================================================================================
DAG File Processing Stats

File Path                                 PID    Runtime      # DAGs    # Errors  Last Runtime    Last Run
----------------------------------------  -----  ---------  --------  ----------  --------------  -------------------
/opt/airflow/dags/regime_pipeline_dag.py                           1           0  0.21s           2026-04-28T14:49:13
================================================================================
[2026-04-28T14:49:46.607+0000] {manager.py:879} INFO - 
================================================================================
DAG File Processing Stats

File Path                                 PID    Runtime      # DAGs    # Errors  Last Runtime    Last Run
----------------------------------------  -----  ---------  --------  ----------  --------------  -------------------
/opt/airflow/dags/regime_pipeline_dag.py                           1           0  0.11s           2026-04-28T14:49:43
================================================================================
[2026-04-28T14:50:18.193+0000] {manager.py:879} INFO - 
================================================================================
DAG File Processing Stats

File Path                                 PID    Runtime      # DAGs    # Errors  Last Runtime    Last Run
----------------------------------------  -----  ---------  --------  ----------  --------------  -------------------
/opt/airflow/dags/regime_pipeline_dag.py                           1           0  0.10s           2026-04-28T14:50:14
================================================================================
[2026-04-28T14:50:49.756+0000] {manager.py:879} INFO - 
================================================================================
DAG File Processing Stats

File Path                                 PID    Runtime      # DAGs    # Errors  Last Runtime    Last Run
----------------------------------------  -----  ---------  --------  ----------  --------------  -------------------
/opt/airflow/dags/regime_pipeline_dag.py                           1           0  0.12s           2026-04-28T14:50:44
================================================================================
[2026-04-28T14:51:21.543+0000] {manager.py:879} INFO - 
================================================================================
DAG File Processing Stats

File Path                                 PID    Runtime      # DAGs    # Errors  Last Runtime    Last Run
----------------------------------------  -----  ---------  --------  ----------  --------------  -------------------
/opt/airflow/dags/regime_pipeline_dag.py                           1           0  0.12s           2026-04-28T14:51:15
================================================================================
[2026-04-28T14:51:53.079+0000] {manager.py:879} INFO - 
================================================================================
DAG File Processing Stats

File Path                                 PID    Runtime      # DAGs    # Errors  Last Runtime    Last Run
----------------------------------------  -----  ---------  --------  ----------  --------------  -------------------
/opt/airflow/dags/regime_pipeline_dag.py                           1           0  0.11s           2026-04-28T14:51:46
================================================================================
[2026-04-28T14:52:24.646+0000] {manager.py:879} INFO - 
================================================================================
DAG File Processing Stats

File Path                                 PID    Runtime      # DAGs    # Errors  Last Runtime    Last Run
----------------------------------------  -----  ---------  --------  ----------  --------------  -------------------
/opt/airflow/dags/regime_pipeline_dag.py                           1           0  0.11s           2026-04-28T14:52:16
================================================================================
[2026-04-28T14:52:56.219+0000] {manager.py:879} INFO - 
================================================================================
DAG File Processing Stats

File Path                                 PID    Runtime      # DAGs    # Errors  Last Runtime    Last Run
----------------------------------------  -----  ---------  --------  ----------  --------------  -------------------
/opt/airflow/dags/regime_pipeline_dag.py                           1           0  0.11s           2026-04-28T14:52:47
================================================================================
[2026-04-28T14:53:27.862+0000] {manager.py:879} INFO - 
================================================================================
DAG File Processing Stats

File Path                                 PID    Runtime      # DAGs    # Errors  Last Runtime    Last Run
----------------------------------------  -----  ---------  --------  ----------  --------------  -------------------
/opt/airflow/dags/regime_pipeline_dag.py                           1           0  0.11s           2026-04-28T14:53:17
================================================================================
[2026-04-28T14:53:42.940+0000] {manager.py:738} INFO - Searching for files in /opt/airflow/dags
[2026-04-28T14:53:42.958+0000] {manager.py:741} INFO - There are 1 files in /opt/airflow/dags
[2026-04-28T14:53:59.697+0000] {manager.py:879} INFO - 
================================================================================
DAG File Processing Stats

File Path                                 PID    Runtime      # DAGs    # Errors  Last Runtime    Last Run
----------------------------------------  -----  ---------  --------  ----------  --------------  -------------------
/opt/airflow/dags/regime_pipeline_dag.py                           1           0  0.11s           2026-04-28T14:53:48
================================================================================
[2026-04-28T14:54:31.227+0000] {manager.py:879} INFO - 
================================================================================
DAG File Processing Stats

File Path                                 PID    Runtime      # DAGs    # Errors  Last Runtime    Last Run
----------------------------------------  -----  ---------  --------  ----------  --------------  -------------------
/opt/airflow/dags/regime_pipeline_dag.py                           1           0  0.11s           2026-04-28T14:54:19
================================================================================
[2026-04-28T14:55:02.788+0000] {manager.py:879} INFO - 
================================================================================
DAG File Processing Stats

File Path                                 PID    Runtime      # DAGs    # Errors  Last Runtime    Last Run
----------------------------------------  -----  ---------  --------  ----------  --------------  -------------------
/opt/airflow/dags/regime_pipeline_dag.py                           1           0  0.12s           2026-04-28T14:54:49
================================================================================
[2026-04-28T14:55:34.346+0000] {manager.py:879} INFO - 
================================================================================
DAG File Processing Stats

File Path                                 PID    Runtime      # DAGs    # Errors  Last Runtime    Last Run
----------------------------------------  -----  ---------  --------  ----------  --------------  -------------------
/opt/airflow/dags/regime_pipeline_dag.py                           1           0  0.11s           2026-04-28T14:55:20
================================================================================
[2026-04-28T14:56:05.927+0000] {manager.py:879} INFO - 
================================================================================
DAG File Processing Stats

File Path                                 PID    Runtime      # DAGs    # Errors  Last Runtime    Last Run
----------------------------------------  -----  ---------  --------  ----------  --------------  -------------------
/opt/airflow/dags/regime_pipeline_dag.py                           1           0  0.11s           2026-04-28T14:55:50
================================================================================
[2026-04-28T14:56:37.575+0000] {manager.py:879} INFO - 
================================================================================
DAG File Processing Stats

File Path                                 PID    Runtime      # DAGs    # Errors  Last Runtime    Last Run
----------------------------------------  -----  ---------  --------  ----------  --------------  -------------------
/opt/airflow/dags/regime_pipeline_dag.py                           1           0  0.11s           2026-04-28T14:56:22
================================================================================
[2026-04-28T14:57:09.184+0000] {manager.py:879} INFO - 
================================================================================
DAG File Processing Stats

File Path                                 PID    Runtime      # DAGs    # Errors  Last Runtime    Last Run
----------------------------------------  -----  ---------  --------  ----------  --------------  -------------------
/opt/airflow/dags/regime_pipeline_dag.py                           1           0  0.21s           2026-04-28T14:56:54
================================================================================
[2026-04-28T14:57:40.807+0000] {manager.py:879} INFO - 
================================================================================
DAG File Processing Stats

File Path                                 PID    Runtime      # DAGs    # Errors  Last Runtime    Last Run
----------------------------------------  -----  ---------  --------  ----------  --------------  -------------------
/opt/airflow/dags/regime_pipeline_dag.py                           1           0  0.11s           2026-04-28T14:57:25
================================================================================
[2026-04-28T14:58:12.604+0000] {manager.py:879} INFO - 
================================================================================
DAG File Processing Stats

File Path                                 PID    Runtime      # DAGs    # Errors  Last Runtime    Last Run
----------------------------------------  -----  ---------  --------  ----------  --------------  -------------------
/opt/airflow/dags/regime_pipeline_dag.py                           1           0  0.11s           2026-04-28T14:57:57
================================================================================
[2026-04-28T14:58:43.289+0000] {manager.py:738} INFO - Searching for files in /opt/airflow/dags
[2026-04-28T14:58:43.305+0000] {manager.py:741} INFO - There are 1 files in /opt/airflow/dags
[2026-04-28T14:58:44.342+0000] {manager.py:879} INFO - 
================================================================================
DAG File Processing Stats

File Path                                 PID    Runtime      # DAGs    # Errors  Last Runtime    Last Run
----------------------------------------  -----  ---------  --------  ----------  --------------  -------------------
/opt/airflow/dags/regime_pipeline_dag.py                           1           0  0.11s           2026-04-28T14:58:29
================================================================================
[2026-04-28T14:59:16.382+0000] {manager.py:879} INFO - 
================================================================================
DAG File Processing Stats

File Path                                 PID    Runtime      # DAGs    # Errors  Last Runtime    Last Run
----------------------------------------  -----  ---------  --------  ----------  --------------  -------------------
/opt/airflow/dags/regime_pipeline_dag.py                           1           0  0.10s           2026-04-28T14:59:01
================================================================================
[2026-04-28T14:59:47.755+0000] {manager.py:879} INFO - 
================================================================================
DAG File Processing Stats

File Path                                 PID    Runtime      # DAGs    # Errors  Last Runtime    Last Run
----------------------------------------  -----  ---------  --------  ----------  --------------  -------------------
/opt/airflow/dags/regime_pipeline_dag.py                           1           0  0.21s           2026-04-28T14:59:31
================================================================================
[2026-04-28T15:00:19.492+0000] {manager.py:879} INFO - 
================================================================================
DAG File Processing Stats

File Path                                 PID    Runtime      # DAGs    # Errors  Last Runtime    Last Run
----------------------------------------  -----  ---------  --------  ----------  --------------  -------------------
/opt/airflow/dags/regime_pipeline_dag.py                           1           0  0.98s           2026-04-28T15:00:02
================================================================================
[2026-04-28T15:00:51.313+0000] {manager.py:879} INFO - 
================================================================================
DAG File Processing Stats

File Path                                 PID    Runtime      # DAGs    # Errors  Last Runtime    Last Run
----------------------------------------  -----  ---------  --------  ----------  --------------  -------------------
/opt/airflow/dags/regime_pipeline_dag.py                           1           0  0.11s           2026-04-28T15:00:34
================================================================================
[2026-04-28T15:01:22.968+0000] {manager.py:879} INFO - 
================================================================================
DAG File Processing Stats

File Path                                 PID    Runtime      # DAGs    # Errors  Last Runtime    Last Run
----------------------------------------  -----  ---------  --------  ----------  --------------  -------------------
/opt/airflow/dags/regime_pipeline_dag.py                           1           0  0.10s           2026-04-28T15:01:05
================================================================================
[2026-04-28T15:01:54.670+0000] {manager.py:879} INFO - 
================================================================================
DAG File Processing Stats

File Path                                 PID    Runtime      # DAGs    # Errors  Last Runtime    Last Run
----------------------------------------  -----  ---------  --------  ----------  --------------  -------------------
/opt/airflow/dags/regime_pipeline_dag.py                           1           0  0.10s           2026-04-28T15:01:37
================================================================================
[2026-04-28T15:02:26.423+0000] {manager.py:879} INFO - 
================================================================================
DAG File Processing Stats

File Path                                 PID    Runtime      # DAGs    # Errors  Last Runtime    Last Run
----------------------------------------  -----  ---------  --------  ----------  --------------  -------------------
/opt/airflow/dags/regime_pipeline_dag.py                           1           0  0.11s           2026-04-28T15:02:09
================================================================================
[2026-04-28T15:02:58.211+0000] {manager.py:879} INFO - 
================================================================================
DAG File Processing Stats

File Path                                 PID    Runtime      # DAGs    # Errors  Last Runtime    Last Run
----------------------------------------  -----  ---------  --------  ----------  --------------  -------------------
/opt/airflow/dags/regime_pipeline_dag.py                           1           0  0.21s           2026-04-28T15:02:40
================================================================================
[2026-04-28T15:03:29.899+0000] {manager.py:879} INFO - 
================================================================================
DAG File Processing Stats

File Path                                 PID    Runtime      # DAGs    # Errors  Last Runtime    Last Run
----------------------------------------  -----  ---------  --------  ----------  --------------  -------------------
/opt/airflow/dags/regime_pipeline_dag.py                           1           0  0.11s           2026-04-28T15:03:12
================================================================================
[2026-04-28T15:03:43.722+0000] {manager.py:738} INFO - Searching for files in /opt/airflow/dags
[2026-04-28T15:03:43.736+0000] {manager.py:741} INFO - There are 1 files in /opt/airflow/dags
[2026-04-28T15:04:01.623+0000] {manager.py:879} INFO - 
================================================================================
DAG File Processing Stats

File Path                                 PID    Runtime      # DAGs    # Errors  Last Runtime    Last Run
----------------------------------------  -----  ---------  --------  ----------  --------------  -------------------
/opt/airflow/dags/regime_pipeline_dag.py                           1           0  0.10s           2026-04-28T15:03:43
================================================================================
[2026-04-28T15:04:33.334+0000] {manager.py:879} INFO - 
================================================================================
DAG File Processing Stats

File Path                                 PID    Runtime      # DAGs    # Errors  Last Runtime    Last Run
----------------------------------------  -----  ---------  --------  ----------  --------------  -------------------
/opt/airflow/dags/regime_pipeline_dag.py                           1           0  0.10s           2026-04-28T15:04:15
================================================================================
